[2024-11-17 00:07:21,486][pytorch_lightning.utilities.migration.utils][INFO] - Lightning automatically upgraded your loaded checkpoint from v1.8.1 to v2.4.0. To apply the upgrade to your files permanently, run `python -m pytorch_lightning.utilities.upgrade_checkpoint ../../../../.cache/4DHumans/logs/train/multiruns/hmr2/0/checkpoints/epoch=35-step=1000000.ckpt`
[2024-11-17 00:07:25,033][phalp.trackers.PHALP][INFO] - Loading Predictor model...
[2024-11-17 00:07:25,190][phalp.trackers.PHALP][INFO] - Loading Detection model...
[2024-11-17 00:07:25,525][detectron2.checkpoint.detection_checkpoint][INFO] - [DetectionCheckpointer] Loading from https://dl.fbaipublicfiles.com/detectron2/new_baselines/mask_rcnn_regnety_4gf_dds_FPN_400ep_LSJ/42045954/model_final_ef3a80.pkl ...
[2024-11-17 00:07:26,422][detectron2.checkpoint.detection_checkpoint][INFO] - [DetectionCheckpointer] Loading from https://dl.fbaipublicfiles.com/detectron2/COCO-InstanceSegmentation/mask_rcnn_X_101_32x8d_FPN_3x/139653917/model_final_2d9806.pkl ...
[2024-11-17 00:07:26,615][phalp.trackers.PHALP][INFO] - Setting up Visualizer...
[2024-11-17 00:07:27,159][phalp.utils.io][INFO] - Number of frames: 82
[2024-11-17 00:07:27,207][phalp.trackers.PHALP][INFO] - Setting up DeepSort...
[2024-11-17 00:07:27,207][phalp.trackers.PHALP][INFO] - Saving tracks at : /home/daniel/development/csc2626/final-project/golfdb/data/poses/results/TIGER_WOODS_THqn7IjaiEY_1c3e5a96-37ee-4fe4-8df9-1c97cea2cf67
[2024-11-17 13:07:32,508][pytorch_lightning.utilities.migration.utils][INFO] - Lightning automatically upgraded your loaded checkpoint from v1.8.1 to v2.4.0. To apply the upgrade to your files permanently, run `python -m pytorch_lightning.utilities.upgrade_checkpoint ../../../../.cache/4DHumans/logs/train/multiruns/hmr2/0/checkpoints/epoch=35-step=1000000.ckpt`
[2024-11-17 13:07:36,378][phalp.trackers.PHALP][INFO] - Loading Predictor model...
[2024-11-17 13:07:36,548][phalp.trackers.PHALP][INFO] - Loading Detection model...
[2024-11-17 13:07:36,880][detectron2.checkpoint.detection_checkpoint][INFO] - [DetectionCheckpointer] Loading from https://dl.fbaipublicfiles.com/detectron2/new_baselines/mask_rcnn_regnety_4gf_dds_FPN_400ep_LSJ/42045954/model_final_ef3a80.pkl ...
[2024-11-17 13:07:37,763][detectron2.checkpoint.detection_checkpoint][INFO] - [DetectionCheckpointer] Loading from https://dl.fbaipublicfiles.com/detectron2/COCO-InstanceSegmentation/mask_rcnn_X_101_32x8d_FPN_3x/139653917/model_final_2d9806.pkl ...
[2024-11-17 13:07:37,959][phalp.trackers.PHALP][INFO] - Setting up Visualizer...
[2024-11-17 13:07:38,530][phalp.utils.io][INFO] - Number of frames: 82
[2024-11-17 13:07:38,571][phalp.trackers.PHALP][INFO] - Setting up DeepSort...
[2024-11-17 13:07:38,571][phalp.trackers.PHALP][INFO] - Saving tracks at : /home/daniel/development/csc2626/final-project/golfdb/data/poses//results/TIGER_WOODS_xD6KDqPF9cc_967cb861-2b9b-40d6-b542-e46468f1948c
[2024-11-17 13:08:30,689][pytorch_lightning.utilities.migration.utils][INFO] - Lightning automatically upgraded your loaded checkpoint from v1.8.1 to v2.4.0. To apply the upgrade to your files permanently, run `python -m pytorch_lightning.utilities.upgrade_checkpoint ../../../../.cache/4DHumans/logs/train/multiruns/hmr2/0/checkpoints/epoch=35-step=1000000.ckpt`
[2024-11-17 13:08:34,386][phalp.trackers.PHALP][INFO] - Loading Predictor model...
[2024-11-17 13:08:34,544][phalp.trackers.PHALP][INFO] - Loading Detection model...
[2024-11-17 13:08:34,881][detectron2.checkpoint.detection_checkpoint][INFO] - [DetectionCheckpointer] Loading from https://dl.fbaipublicfiles.com/detectron2/new_baselines/mask_rcnn_regnety_4gf_dds_FPN_400ep_LSJ/42045954/model_final_ef3a80.pkl ...
[2024-11-17 13:08:35,784][detectron2.checkpoint.detection_checkpoint][INFO] - [DetectionCheckpointer] Loading from https://dl.fbaipublicfiles.com/detectron2/COCO-InstanceSegmentation/mask_rcnn_X_101_32x8d_FPN_3x/139653917/model_final_2d9806.pkl ...
[2024-11-17 13:08:35,980][phalp.trackers.PHALP][INFO] - Setting up Visualizer...
[2024-11-17 13:08:36,533][phalp.utils.io][INFO] - Number of frames: 234
[2024-11-17 13:08:36,631][phalp.trackers.PHALP][INFO] - Setting up DeepSort...
[2024-11-17 13:08:36,632][phalp.trackers.PHALP][INFO] - Saving tracks at : /home/daniel/development/csc2626/final-project/golfdb/data/poses//results/TIGER_WOODS_xD6KDqPF9cc_227042a6-d529-40ed-9d38-8ebdccc3684e
[2024-11-17 13:10:43,657][pytorch_lightning.utilities.migration.utils][INFO] - Lightning automatically upgraded your loaded checkpoint from v1.8.1 to v2.4.0. To apply the upgrade to your files permanently, run `python -m pytorch_lightning.utilities.upgrade_checkpoint ../../../../.cache/4DHumans/logs/train/multiruns/hmr2/0/checkpoints/epoch=35-step=1000000.ckpt`
[2024-11-17 13:10:47,267][phalp.trackers.PHALP][INFO] - Loading Predictor model...
[2024-11-17 13:10:47,441][phalp.trackers.PHALP][INFO] - Loading Detection model...
[2024-11-17 13:10:47,778][detectron2.checkpoint.detection_checkpoint][INFO] - [DetectionCheckpointer] Loading from https://dl.fbaipublicfiles.com/detectron2/new_baselines/mask_rcnn_regnety_4gf_dds_FPN_400ep_LSJ/42045954/model_final_ef3a80.pkl ...
[2024-11-17 13:10:48,678][detectron2.checkpoint.detection_checkpoint][INFO] - [DetectionCheckpointer] Loading from https://dl.fbaipublicfiles.com/detectron2/COCO-InstanceSegmentation/mask_rcnn_X_101_32x8d_FPN_3x/139653917/model_final_2d9806.pkl ...
[2024-11-17 13:10:48,868][phalp.trackers.PHALP][INFO] - Setting up Visualizer...
[2024-11-17 13:10:49,403][phalp.utils.io][INFO] - Number of frames: 72
[2024-11-17 13:10:49,439][phalp.trackers.PHALP][INFO] - Setting up DeepSort...
[2024-11-17 13:10:49,440][phalp.trackers.PHALP][INFO] - Saving tracks at : /home/daniel/development/csc2626/final-project/golfdb/data/poses//results/TIGER_WOODS_4HzLO88ryCU_a941d487-8693-40b6-8835-75b41c87b662
[2024-11-17 13:11:34,313][pytorch_lightning.utilities.migration.utils][INFO] - Lightning automatically upgraded your loaded checkpoint from v1.8.1 to v2.4.0. To apply the upgrade to your files permanently, run `python -m pytorch_lightning.utilities.upgrade_checkpoint ../../../../.cache/4DHumans/logs/train/multiruns/hmr2/0/checkpoints/epoch=35-step=1000000.ckpt`
[2024-11-17 13:11:37,902][phalp.trackers.PHALP][INFO] - Loading Predictor model...
[2024-11-17 13:11:38,078][phalp.trackers.PHALP][INFO] - Loading Detection model...
[2024-11-17 13:11:38,424][detectron2.checkpoint.detection_checkpoint][INFO] - [DetectionCheckpointer] Loading from https://dl.fbaipublicfiles.com/detectron2/new_baselines/mask_rcnn_regnety_4gf_dds_FPN_400ep_LSJ/42045954/model_final_ef3a80.pkl ...
[2024-11-17 13:11:39,333][detectron2.checkpoint.detection_checkpoint][INFO] - [DetectionCheckpointer] Loading from https://dl.fbaipublicfiles.com/detectron2/COCO-InstanceSegmentation/mask_rcnn_X_101_32x8d_FPN_3x/139653917/model_final_2d9806.pkl ...
[2024-11-17 13:11:39,531][phalp.trackers.PHALP][INFO] - Setting up Visualizer...
[2024-11-17 13:11:40,074][phalp.utils.io][INFO] - Number of frames: 238
[2024-11-17 13:11:40,178][phalp.trackers.PHALP][INFO] - Setting up DeepSort...
[2024-11-17 13:11:40,179][phalp.trackers.PHALP][INFO] - Saving tracks at : /home/daniel/development/csc2626/final-project/golfdb/data/poses//results/TIGER_WOODS_4HzLO88ryCU_6df7f5cc-68ee-40ca-a984-2c3e348767d8
[2024-11-17 13:13:50,903][pytorch_lightning.utilities.migration.utils][INFO] - Lightning automatically upgraded your loaded checkpoint from v1.8.1 to v2.4.0. To apply the upgrade to your files permanently, run `python -m pytorch_lightning.utilities.upgrade_checkpoint ../../../../.cache/4DHumans/logs/train/multiruns/hmr2/0/checkpoints/epoch=35-step=1000000.ckpt`
[2024-11-17 13:13:54,442][phalp.trackers.PHALP][INFO] - Loading Predictor model...
[2024-11-17 13:13:54,601][phalp.trackers.PHALP][INFO] - Loading Detection model...
[2024-11-17 13:13:54,936][detectron2.checkpoint.detection_checkpoint][INFO] - [DetectionCheckpointer] Loading from https://dl.fbaipublicfiles.com/detectron2/new_baselines/mask_rcnn_regnety_4gf_dds_FPN_400ep_LSJ/42045954/model_final_ef3a80.pkl ...
[2024-11-17 13:13:55,825][detectron2.checkpoint.detection_checkpoint][INFO] - [DetectionCheckpointer] Loading from https://dl.fbaipublicfiles.com/detectron2/COCO-InstanceSegmentation/mask_rcnn_X_101_32x8d_FPN_3x/139653917/model_final_2d9806.pkl ...
[2024-11-17 13:13:56,008][phalp.trackers.PHALP][INFO] - Setting up Visualizer...
[2024-11-17 13:13:56,532][phalp.utils.io][INFO] - Number of frames: 82
[2024-11-17 13:13:56,579][phalp.trackers.PHALP][INFO] - Setting up DeepSort...
[2024-11-17 13:13:56,580][phalp.trackers.PHALP][INFO] - Saving tracks at : /home/daniel/development/csc2626/final-project/golfdb/data/poses//results/TIGER_WOODS_lZhzDyZH8b0_5b7e558f-3a3d-4eb7-98d0-20d9965604dd
[2024-11-17 13:14:46,343][pytorch_lightning.utilities.migration.utils][INFO] - Lightning automatically upgraded your loaded checkpoint from v1.8.1 to v2.4.0. To apply the upgrade to your files permanently, run `python -m pytorch_lightning.utilities.upgrade_checkpoint ../../../../.cache/4DHumans/logs/train/multiruns/hmr2/0/checkpoints/epoch=35-step=1000000.ckpt`
[2024-11-17 13:14:49,890][phalp.trackers.PHALP][INFO] - Loading Predictor model...
[2024-11-17 13:14:50,047][phalp.trackers.PHALP][INFO] - Loading Detection model...
[2024-11-17 13:14:50,387][detectron2.checkpoint.detection_checkpoint][INFO] - [DetectionCheckpointer] Loading from https://dl.fbaipublicfiles.com/detectron2/new_baselines/mask_rcnn_regnety_4gf_dds_FPN_400ep_LSJ/42045954/model_final_ef3a80.pkl ...
[2024-11-17 13:14:51,301][detectron2.checkpoint.detection_checkpoint][INFO] - [DetectionCheckpointer] Loading from https://dl.fbaipublicfiles.com/detectron2/COCO-InstanceSegmentation/mask_rcnn_X_101_32x8d_FPN_3x/139653917/model_final_2d9806.pkl ...
[2024-11-17 13:14:51,492][phalp.trackers.PHALP][INFO] - Setting up Visualizer...
[2024-11-17 13:14:52,012][phalp.utils.io][INFO] - Number of frames: 189
[2024-11-17 13:14:52,106][phalp.trackers.PHALP][INFO] - Setting up DeepSort...
[2024-11-17 13:14:52,107][phalp.trackers.PHALP][INFO] - Saving tracks at : /home/daniel/development/csc2626/final-project/golfdb/data/poses//results/TIGER_WOODS_lZhzDyZH8b0_d77f374a-ff45-4143-897f-11f15e320840
[2024-11-17 13:16:38,038][pytorch_lightning.utilities.migration.utils][INFO] - Lightning automatically upgraded your loaded checkpoint from v1.8.1 to v2.4.0. To apply the upgrade to your files permanently, run `python -m pytorch_lightning.utilities.upgrade_checkpoint ../../../../.cache/4DHumans/logs/train/multiruns/hmr2/0/checkpoints/epoch=35-step=1000000.ckpt`
[2024-11-17 13:16:41,624][phalp.trackers.PHALP][INFO] - Loading Predictor model...
[2024-11-17 13:16:41,784][phalp.trackers.PHALP][INFO] - Loading Detection model...
[2024-11-17 13:16:42,126][detectron2.checkpoint.detection_checkpoint][INFO] - [DetectionCheckpointer] Loading from https://dl.fbaipublicfiles.com/detectron2/new_baselines/mask_rcnn_regnety_4gf_dds_FPN_400ep_LSJ/42045954/model_final_ef3a80.pkl ...
[2024-11-17 13:16:43,039][detectron2.checkpoint.detection_checkpoint][INFO] - [DetectionCheckpointer] Loading from https://dl.fbaipublicfiles.com/detectron2/COCO-InstanceSegmentation/mask_rcnn_X_101_32x8d_FPN_3x/139653917/model_final_2d9806.pkl ...
[2024-11-17 13:16:43,225][phalp.trackers.PHALP][INFO] - Setting up Visualizer...
[2024-11-17 13:16:43,783][phalp.utils.io][INFO] - Number of frames: 89
[2024-11-17 13:16:43,835][phalp.trackers.PHALP][INFO] - Setting up DeepSort...
[2024-11-17 13:16:43,835][phalp.trackers.PHALP][INFO] - Saving tracks at : /home/daniel/development/csc2626/final-project/golfdb/data/poses//results/TIGER_WOODS_LohC0R9pMvI_8a4b6486-ea87-4357-8538-350bb9394184
[2024-11-17 13:17:49,649][pytorch_lightning.utilities.migration.utils][INFO] - Lightning automatically upgraded your loaded checkpoint from v1.8.1 to v2.4.0. To apply the upgrade to your files permanently, run `python -m pytorch_lightning.utilities.upgrade_checkpoint ../../../../.cache/4DHumans/logs/train/multiruns/hmr2/0/checkpoints/epoch=35-step=1000000.ckpt`
[2024-11-17 13:17:53,218][phalp.trackers.PHALP][INFO] - Loading Predictor model...
[2024-11-17 13:17:53,375][phalp.trackers.PHALP][INFO] - Loading Detection model...
[2024-11-17 13:17:53,712][detectron2.checkpoint.detection_checkpoint][INFO] - [DetectionCheckpointer] Loading from https://dl.fbaipublicfiles.com/detectron2/new_baselines/mask_rcnn_regnety_4gf_dds_FPN_400ep_LSJ/42045954/model_final_ef3a80.pkl ...
[2024-11-17 13:17:54,612][detectron2.checkpoint.detection_checkpoint][INFO] - [DetectionCheckpointer] Loading from https://dl.fbaipublicfiles.com/detectron2/COCO-InstanceSegmentation/mask_rcnn_X_101_32x8d_FPN_3x/139653917/model_final_2d9806.pkl ...
[2024-11-17 13:17:54,801][phalp.trackers.PHALP][INFO] - Setting up Visualizer...
[2024-11-17 13:17:55,322][phalp.utils.io][INFO] - Number of frames: 203
[2024-11-17 13:17:55,429][phalp.trackers.PHALP][INFO] - Setting up DeepSort...
[2024-11-17 13:17:55,429][phalp.trackers.PHALP][INFO] - Saving tracks at : /home/daniel/development/csc2626/final-project/golfdb/data/poses//results/TIGER_WOODS_LohC0R9pMvI_119b6a76-fc06-471d-b1e4-460bd32dc010
[2024-11-17 13:20:14,381][pytorch_lightning.utilities.migration.utils][INFO] - Lightning automatically upgraded your loaded checkpoint from v1.8.1 to v2.4.0. To apply the upgrade to your files permanently, run `python -m pytorch_lightning.utilities.upgrade_checkpoint ../../../../.cache/4DHumans/logs/train/multiruns/hmr2/0/checkpoints/epoch=35-step=1000000.ckpt`
[2024-11-17 13:20:17,936][phalp.trackers.PHALP][INFO] - Loading Predictor model...
[2024-11-17 13:20:18,093][phalp.trackers.PHALP][INFO] - Loading Detection model...
[2024-11-17 13:20:18,432][detectron2.checkpoint.detection_checkpoint][INFO] - [DetectionCheckpointer] Loading from https://dl.fbaipublicfiles.com/detectron2/new_baselines/mask_rcnn_regnety_4gf_dds_FPN_400ep_LSJ/42045954/model_final_ef3a80.pkl ...
[2024-11-17 13:20:19,350][detectron2.checkpoint.detection_checkpoint][INFO] - [DetectionCheckpointer] Loading from https://dl.fbaipublicfiles.com/detectron2/COCO-InstanceSegmentation/mask_rcnn_X_101_32x8d_FPN_3x/139653917/model_final_2d9806.pkl ...
[2024-11-17 13:20:19,552][phalp.trackers.PHALP][INFO] - Setting up Visualizer...
[2024-11-17 13:20:20,086][phalp.utils.io][INFO] - Number of frames: 159
[2024-11-17 13:20:20,161][phalp.trackers.PHALP][INFO] - Setting up DeepSort...
[2024-11-17 13:20:20,161][phalp.trackers.PHALP][INFO] - Saving tracks at : /home/daniel/development/csc2626/final-project/golfdb/data/poses//results/TIGER_WOODS_ppDvhlGr5nI_0cdac269-82fd-4d89-a433-941b8a4177ea
[2024-11-17 13:21:50,498][pytorch_lightning.utilities.migration.utils][INFO] - Lightning automatically upgraded your loaded checkpoint from v1.8.1 to v2.4.0. To apply the upgrade to your files permanently, run `python -m pytorch_lightning.utilities.upgrade_checkpoint ../../../../.cache/4DHumans/logs/train/multiruns/hmr2/0/checkpoints/epoch=35-step=1000000.ckpt`
[2024-11-17 13:21:54,069][phalp.trackers.PHALP][INFO] - Loading Predictor model...
[2024-11-17 13:21:54,229][phalp.trackers.PHALP][INFO] - Loading Detection model...
[2024-11-17 13:21:54,570][detectron2.checkpoint.detection_checkpoint][INFO] - [DetectionCheckpointer] Loading from https://dl.fbaipublicfiles.com/detectron2/new_baselines/mask_rcnn_regnety_4gf_dds_FPN_400ep_LSJ/42045954/model_final_ef3a80.pkl ...
[2024-11-17 13:21:55,483][detectron2.checkpoint.detection_checkpoint][INFO] - [DetectionCheckpointer] Loading from https://dl.fbaipublicfiles.com/detectron2/COCO-InstanceSegmentation/mask_rcnn_X_101_32x8d_FPN_3x/139653917/model_final_2d9806.pkl ...
[2024-11-17 13:21:55,683][phalp.trackers.PHALP][INFO] - Setting up Visualizer...
[2024-11-17 13:21:56,244][phalp.utils.io][INFO] - Number of frames: 94
[2024-11-17 13:21:56,294][phalp.trackers.PHALP][INFO] - Setting up DeepSort...
[2024-11-17 13:21:56,294][phalp.trackers.PHALP][INFO] - Saving tracks at : /home/daniel/development/csc2626/final-project/golfdb/data/poses//results/TIGER_WOODS_ppDvhlGr5nI_ec9cda6f-da41-4135-8565-a37b6bcbecb5
[2024-11-17 13:22:52,708][pytorch_lightning.utilities.migration.utils][INFO] - Lightning automatically upgraded your loaded checkpoint from v1.8.1 to v2.4.0. To apply the upgrade to your files permanently, run `python -m pytorch_lightning.utilities.upgrade_checkpoint ../../../../.cache/4DHumans/logs/train/multiruns/hmr2/0/checkpoints/epoch=35-step=1000000.ckpt`
[2024-11-17 13:22:56,254][phalp.trackers.PHALP][INFO] - Loading Predictor model...
[2024-11-17 13:22:56,412][phalp.trackers.PHALP][INFO] - Loading Detection model...
[2024-11-17 13:22:56,754][detectron2.checkpoint.detection_checkpoint][INFO] - [DetectionCheckpointer] Loading from https://dl.fbaipublicfiles.com/detectron2/new_baselines/mask_rcnn_regnety_4gf_dds_FPN_400ep_LSJ/42045954/model_final_ef3a80.pkl ...
[2024-11-17 13:22:57,697][detectron2.checkpoint.detection_checkpoint][INFO] - [DetectionCheckpointer] Loading from https://dl.fbaipublicfiles.com/detectron2/COCO-InstanceSegmentation/mask_rcnn_X_101_32x8d_FPN_3x/139653917/model_final_2d9806.pkl ...
[2024-11-17 13:22:57,896][phalp.trackers.PHALP][INFO] - Setting up Visualizer...
[2024-11-17 13:22:58,504][phalp.utils.io][INFO] - Number of frames: 80
[2024-11-17 13:22:58,551][phalp.trackers.PHALP][INFO] - Setting up DeepSort...
[2024-11-17 13:22:58,551][phalp.trackers.PHALP][INFO] - Saving tracks at : /home/daniel/development/csc2626/final-project/golfdb/data/poses//results/TIGER_WOODS_blonNcv1yas_0cba7dcb-7c88-4be9-bdc8-16cb74bf2138
[2024-11-17 13:23:47,037][pytorch_lightning.utilities.migration.utils][INFO] - Lightning automatically upgraded your loaded checkpoint from v1.8.1 to v2.4.0. To apply the upgrade to your files permanently, run `python -m pytorch_lightning.utilities.upgrade_checkpoint ../../../../.cache/4DHumans/logs/train/multiruns/hmr2/0/checkpoints/epoch=35-step=1000000.ckpt`
[2024-11-17 13:23:50,628][phalp.trackers.PHALP][INFO] - Loading Predictor model...
[2024-11-17 13:23:50,788][phalp.trackers.PHALP][INFO] - Loading Detection model...
[2024-11-17 13:23:51,151][detectron2.checkpoint.detection_checkpoint][INFO] - [DetectionCheckpointer] Loading from https://dl.fbaipublicfiles.com/detectron2/new_baselines/mask_rcnn_regnety_4gf_dds_FPN_400ep_LSJ/42045954/model_final_ef3a80.pkl ...
[2024-11-17 13:23:52,104][detectron2.checkpoint.detection_checkpoint][INFO] - [DetectionCheckpointer] Loading from https://dl.fbaipublicfiles.com/detectron2/COCO-InstanceSegmentation/mask_rcnn_X_101_32x8d_FPN_3x/139653917/model_final_2d9806.pkl ...
[2024-11-17 13:23:52,304][phalp.trackers.PHALP][INFO] - Setting up Visualizer...
[2024-11-17 13:23:52,844][phalp.utils.io][INFO] - Number of frames: 108
[2024-11-17 13:23:52,901][phalp.trackers.PHALP][INFO] - Setting up DeepSort...
[2024-11-17 13:23:52,901][phalp.trackers.PHALP][INFO] - Saving tracks at : /home/daniel/development/csc2626/final-project/golfdb/data/poses//results/TIGER_WOODS_blonNcv1yas_95593191-bc0f-4b57-abc0-b21d37fc8ba8
[2024-11-17 13:24:56,530][pytorch_lightning.utilities.migration.utils][INFO] - Lightning automatically upgraded your loaded checkpoint from v1.8.1 to v2.4.0. To apply the upgrade to your files permanently, run `python -m pytorch_lightning.utilities.upgrade_checkpoint ../../../../.cache/4DHumans/logs/train/multiruns/hmr2/0/checkpoints/epoch=35-step=1000000.ckpt`
[2024-11-17 13:25:00,098][phalp.trackers.PHALP][INFO] - Loading Predictor model...
[2024-11-17 13:25:00,260][phalp.trackers.PHALP][INFO] - Loading Detection model...
[2024-11-17 13:25:00,597][detectron2.checkpoint.detection_checkpoint][INFO] - [DetectionCheckpointer] Loading from https://dl.fbaipublicfiles.com/detectron2/new_baselines/mask_rcnn_regnety_4gf_dds_FPN_400ep_LSJ/42045954/model_final_ef3a80.pkl ...
[2024-11-17 13:25:01,515][detectron2.checkpoint.detection_checkpoint][INFO] - [DetectionCheckpointer] Loading from https://dl.fbaipublicfiles.com/detectron2/COCO-InstanceSegmentation/mask_rcnn_X_101_32x8d_FPN_3x/139653917/model_final_2d9806.pkl ...
[2024-11-17 13:25:01,714][phalp.trackers.PHALP][INFO] - Setting up Visualizer...
[2024-11-17 13:25:02,242][phalp.utils.io][INFO] - Number of frames: 73
[2024-11-17 13:25:02,281][phalp.trackers.PHALP][INFO] - Setting up DeepSort...
[2024-11-17 13:25:02,281][phalp.trackers.PHALP][INFO] - Saving tracks at : /home/daniel/development/csc2626/final-project/golfdb/data/poses//results/TIGER_WOODS_blonNcv1yas_b3038ae8-9d18-4e68-aa7d-062878c7027e
[2024-11-17 13:25:47,576][pytorch_lightning.utilities.migration.utils][INFO] - Lightning automatically upgraded your loaded checkpoint from v1.8.1 to v2.4.0. To apply the upgrade to your files permanently, run `python -m pytorch_lightning.utilities.upgrade_checkpoint ../../../../.cache/4DHumans/logs/train/multiruns/hmr2/0/checkpoints/epoch=35-step=1000000.ckpt`
[2024-11-17 13:25:51,138][phalp.trackers.PHALP][INFO] - Loading Predictor model...
[2024-11-17 13:25:51,301][phalp.trackers.PHALP][INFO] - Loading Detection model...
[2024-11-17 13:25:51,639][detectron2.checkpoint.detection_checkpoint][INFO] - [DetectionCheckpointer] Loading from https://dl.fbaipublicfiles.com/detectron2/new_baselines/mask_rcnn_regnety_4gf_dds_FPN_400ep_LSJ/42045954/model_final_ef3a80.pkl ...
[2024-11-17 13:25:52,550][detectron2.checkpoint.detection_checkpoint][INFO] - [DetectionCheckpointer] Loading from https://dl.fbaipublicfiles.com/detectron2/COCO-InstanceSegmentation/mask_rcnn_X_101_32x8d_FPN_3x/139653917/model_final_2d9806.pkl ...
[2024-11-17 13:25:52,746][phalp.trackers.PHALP][INFO] - Setting up Visualizer...
[2024-11-17 13:25:53,270][phalp.utils.io][INFO] - Number of frames: 107
[2024-11-17 13:25:53,330][phalp.trackers.PHALP][INFO] - Setting up DeepSort...
[2024-11-17 13:25:53,330][phalp.trackers.PHALP][INFO] - Saving tracks at : /home/daniel/development/csc2626/final-project/golfdb/data/poses//results/TIGER_WOODS_blonNcv1yas_0c8912b2-c7cd-4498-a1dd-f50eda93d352
[2024-11-17 13:27:17,330][pytorch_lightning.utilities.migration.utils][INFO] - Lightning automatically upgraded your loaded checkpoint from v1.8.1 to v2.4.0. To apply the upgrade to your files permanently, run `python -m pytorch_lightning.utilities.upgrade_checkpoint ../../../../.cache/4DHumans/logs/train/multiruns/hmr2/0/checkpoints/epoch=35-step=1000000.ckpt`
[2024-11-17 13:27:20,894][phalp.trackers.PHALP][INFO] - Loading Predictor model...
[2024-11-17 13:27:21,050][phalp.trackers.PHALP][INFO] - Loading Detection model...
[2024-11-17 13:27:21,386][detectron2.checkpoint.detection_checkpoint][INFO] - [DetectionCheckpointer] Loading from https://dl.fbaipublicfiles.com/detectron2/new_baselines/mask_rcnn_regnety_4gf_dds_FPN_400ep_LSJ/42045954/model_final_ef3a80.pkl ...
[2024-11-17 13:27:22,299][detectron2.checkpoint.detection_checkpoint][INFO] - [DetectionCheckpointer] Loading from https://dl.fbaipublicfiles.com/detectron2/COCO-InstanceSegmentation/mask_rcnn_X_101_32x8d_FPN_3x/139653917/model_final_2d9806.pkl ...
[2024-11-17 13:27:22,503][phalp.trackers.PHALP][INFO] - Setting up Visualizer...
[2024-11-17 13:27:23,046][phalp.utils.io][INFO] - Number of frames: 112
[2024-11-17 13:27:23,097][phalp.trackers.PHALP][INFO] - Setting up DeepSort...
[2024-11-17 13:27:23,097][phalp.trackers.PHALP][INFO] - Saving tracks at : /home/daniel/development/csc2626/final-project/golfdb/data/poses//results/TIGER_WOODS_blonNcv1yas_b0c320f0-e671-4742-95a7-f88c5ef9a68e
[2024-11-17 13:28:28,980][pytorch_lightning.utilities.migration.utils][INFO] - Lightning automatically upgraded your loaded checkpoint from v1.8.1 to v2.4.0. To apply the upgrade to your files permanently, run `python -m pytorch_lightning.utilities.upgrade_checkpoint ../../../../.cache/4DHumans/logs/train/multiruns/hmr2/0/checkpoints/epoch=35-step=1000000.ckpt`
[2024-11-17 13:28:32,533][phalp.trackers.PHALP][INFO] - Loading Predictor model...
[2024-11-17 13:28:32,689][phalp.trackers.PHALP][INFO] - Loading Detection model...
[2024-11-17 13:28:33,026][detectron2.checkpoint.detection_checkpoint][INFO] - [DetectionCheckpointer] Loading from https://dl.fbaipublicfiles.com/detectron2/new_baselines/mask_rcnn_regnety_4gf_dds_FPN_400ep_LSJ/42045954/model_final_ef3a80.pkl ...
[2024-11-17 13:28:33,943][detectron2.checkpoint.detection_checkpoint][INFO] - [DetectionCheckpointer] Loading from https://dl.fbaipublicfiles.com/detectron2/COCO-InstanceSegmentation/mask_rcnn_X_101_32x8d_FPN_3x/139653917/model_final_2d9806.pkl ...
[2024-11-17 13:28:34,142][phalp.trackers.PHALP][INFO] - Setting up Visualizer...
[2024-11-17 13:28:34,668][phalp.utils.io][INFO] - Number of frames: 87
[2024-11-17 13:28:34,709][phalp.trackers.PHALP][INFO] - Setting up DeepSort...
[2024-11-17 13:28:34,709][phalp.trackers.PHALP][INFO] - Saving tracks at : /home/daniel/development/csc2626/final-project/golfdb/data/poses//results/TIGER_WOODS_blonNcv1yas_dc9edb07-914c-433d-8096-2180fd531f95
[2024-11-17 13:29:27,381][pytorch_lightning.utilities.migration.utils][INFO] - Lightning automatically upgraded your loaded checkpoint from v1.8.1 to v2.4.0. To apply the upgrade to your files permanently, run `python -m pytorch_lightning.utilities.upgrade_checkpoint ../../../../.cache/4DHumans/logs/train/multiruns/hmr2/0/checkpoints/epoch=35-step=1000000.ckpt`
[2024-11-17 13:29:30,951][phalp.trackers.PHALP][INFO] - Loading Predictor model...
[2024-11-17 13:29:31,119][phalp.trackers.PHALP][INFO] - Loading Detection model...
[2024-11-17 13:29:31,462][detectron2.checkpoint.detection_checkpoint][INFO] - [DetectionCheckpointer] Loading from https://dl.fbaipublicfiles.com/detectron2/new_baselines/mask_rcnn_regnety_4gf_dds_FPN_400ep_LSJ/42045954/model_final_ef3a80.pkl ...
[2024-11-17 13:29:32,384][detectron2.checkpoint.detection_checkpoint][INFO] - [DetectionCheckpointer] Loading from https://dl.fbaipublicfiles.com/detectron2/COCO-InstanceSegmentation/mask_rcnn_X_101_32x8d_FPN_3x/139653917/model_final_2d9806.pkl ...
[2024-11-17 13:29:32,587][phalp.trackers.PHALP][INFO] - Setting up Visualizer...
[2024-11-17 13:29:33,118][phalp.utils.io][INFO] - Number of frames: 86
[2024-11-17 13:29:33,156][phalp.trackers.PHALP][INFO] - Setting up DeepSort...
[2024-11-17 13:29:33,156][phalp.trackers.PHALP][INFO] - Saving tracks at : /home/daniel/development/csc2626/final-project/golfdb/data/poses//results/TIGER_WOODS_Toc25_WC8aE_e687a370-e924-4c43-964f-6d1537c4f602
[2024-11-17 13:30:25,050][pytorch_lightning.utilities.migration.utils][INFO] - Lightning automatically upgraded your loaded checkpoint from v1.8.1 to v2.4.0. To apply the upgrade to your files permanently, run `python -m pytorch_lightning.utilities.upgrade_checkpoint ../../../../.cache/4DHumans/logs/train/multiruns/hmr2/0/checkpoints/epoch=35-step=1000000.ckpt`
[2024-11-17 13:30:28,626][phalp.trackers.PHALP][INFO] - Loading Predictor model...
[2024-11-17 13:30:28,789][phalp.trackers.PHALP][INFO] - Loading Detection model...
[2024-11-17 13:30:29,128][detectron2.checkpoint.detection_checkpoint][INFO] - [DetectionCheckpointer] Loading from https://dl.fbaipublicfiles.com/detectron2/new_baselines/mask_rcnn_regnety_4gf_dds_FPN_400ep_LSJ/42045954/model_final_ef3a80.pkl ...
[2024-11-17 13:30:30,049][detectron2.checkpoint.detection_checkpoint][INFO] - [DetectionCheckpointer] Loading from https://dl.fbaipublicfiles.com/detectron2/COCO-InstanceSegmentation/mask_rcnn_X_101_32x8d_FPN_3x/139653917/model_final_2d9806.pkl ...
[2024-11-17 13:30:30,250][phalp.trackers.PHALP][INFO] - Setting up Visualizer...
[2024-11-17 13:30:30,777][phalp.utils.io][INFO] - Number of frames: 218
[2024-11-17 13:30:30,862][phalp.trackers.PHALP][INFO] - Setting up DeepSort...
[2024-11-17 13:30:30,862][phalp.trackers.PHALP][INFO] - Saving tracks at : /home/daniel/development/csc2626/final-project/golfdb/data/poses//results/TIGER_WOODS_Toc25_WC8aE_b6c38a4c-5b1c-4660-b78c-4828a1d84de9
[2024-11-17 13:32:31,733][pytorch_lightning.utilities.migration.utils][INFO] - Lightning automatically upgraded your loaded checkpoint from v1.8.1 to v2.4.0. To apply the upgrade to your files permanently, run `python -m pytorch_lightning.utilities.upgrade_checkpoint ../../../../.cache/4DHumans/logs/train/multiruns/hmr2/0/checkpoints/epoch=35-step=1000000.ckpt`
[2024-11-17 13:32:35,251][phalp.trackers.PHALP][INFO] - Loading Predictor model...
[2024-11-17 13:32:35,415][phalp.trackers.PHALP][INFO] - Loading Detection model...
[2024-11-17 13:32:35,751][detectron2.checkpoint.detection_checkpoint][INFO] - [DetectionCheckpointer] Loading from https://dl.fbaipublicfiles.com/detectron2/new_baselines/mask_rcnn_regnety_4gf_dds_FPN_400ep_LSJ/42045954/model_final_ef3a80.pkl ...
[2024-11-17 13:32:36,676][detectron2.checkpoint.detection_checkpoint][INFO] - [DetectionCheckpointer] Loading from https://dl.fbaipublicfiles.com/detectron2/COCO-InstanceSegmentation/mask_rcnn_X_101_32x8d_FPN_3x/139653917/model_final_2d9806.pkl ...
[2024-11-17 13:32:36,882][phalp.trackers.PHALP][INFO] - Setting up Visualizer...
[2024-11-17 13:32:37,408][phalp.utils.io][INFO] - Number of frames: 87
[2024-11-17 13:32:37,447][phalp.trackers.PHALP][INFO] - Setting up DeepSort...
[2024-11-17 13:32:37,447][phalp.trackers.PHALP][INFO] - Saving tracks at : /home/daniel/development/csc2626/final-project/golfdb/data/poses//results/TIGER_WOODS_ABXWGNcEKgU_5efc0a21-59c3-4a51-bed9-03e700e8c16a
[2024-11-17 13:33:29,757][pytorch_lightning.utilities.migration.utils][INFO] - Lightning automatically upgraded your loaded checkpoint from v1.8.1 to v2.4.0. To apply the upgrade to your files permanently, run `python -m pytorch_lightning.utilities.upgrade_checkpoint ../../../../.cache/4DHumans/logs/train/multiruns/hmr2/0/checkpoints/epoch=35-step=1000000.ckpt`
[2024-11-17 13:33:33,300][phalp.trackers.PHALP][INFO] - Loading Predictor model...
[2024-11-17 13:33:33,458][phalp.trackers.PHALP][INFO] - Loading Detection model...
[2024-11-17 13:33:33,796][detectron2.checkpoint.detection_checkpoint][INFO] - [DetectionCheckpointer] Loading from https://dl.fbaipublicfiles.com/detectron2/new_baselines/mask_rcnn_regnety_4gf_dds_FPN_400ep_LSJ/42045954/model_final_ef3a80.pkl ...
[2024-11-17 13:33:34,707][detectron2.checkpoint.detection_checkpoint][INFO] - [DetectionCheckpointer] Loading from https://dl.fbaipublicfiles.com/detectron2/COCO-InstanceSegmentation/mask_rcnn_X_101_32x8d_FPN_3x/139653917/model_final_2d9806.pkl ...
[2024-11-17 13:33:34,901][phalp.trackers.PHALP][INFO] - Setting up Visualizer...
[2024-11-17 13:33:35,444][phalp.utils.io][INFO] - Number of frames: 252
[2024-11-17 13:33:35,523][phalp.trackers.PHALP][INFO] - Setting up DeepSort...
[2024-11-17 13:33:35,523][phalp.trackers.PHALP][INFO] - Saving tracks at : /home/daniel/development/csc2626/final-project/golfdb/data/poses//results/TIGER_WOODS_ABXWGNcEKgU_9bde5f5d-4dc6-474e-84df-dbdd9b0367bc
[2024-11-17 13:35:52,635][pytorch_lightning.utilities.migration.utils][INFO] - Lightning automatically upgraded your loaded checkpoint from v1.8.1 to v2.4.0. To apply the upgrade to your files permanently, run `python -m pytorch_lightning.utilities.upgrade_checkpoint ../../../../.cache/4DHumans/logs/train/multiruns/hmr2/0/checkpoints/epoch=35-step=1000000.ckpt`
[2024-11-17 13:35:56,185][phalp.trackers.PHALP][INFO] - Loading Predictor model...
[2024-11-17 13:35:56,344][phalp.trackers.PHALP][INFO] - Loading Detection model...
[2024-11-17 13:35:56,678][detectron2.checkpoint.detection_checkpoint][INFO] - [DetectionCheckpointer] Loading from https://dl.fbaipublicfiles.com/detectron2/new_baselines/mask_rcnn_regnety_4gf_dds_FPN_400ep_LSJ/42045954/model_final_ef3a80.pkl ...
[2024-11-17 13:35:57,596][detectron2.checkpoint.detection_checkpoint][INFO] - [DetectionCheckpointer] Loading from https://dl.fbaipublicfiles.com/detectron2/COCO-InstanceSegmentation/mask_rcnn_X_101_32x8d_FPN_3x/139653917/model_final_2d9806.pkl ...
[2024-11-17 13:35:57,799][phalp.trackers.PHALP][INFO] - Setting up Visualizer...
[2024-11-17 13:35:58,326][phalp.utils.io][INFO] - Number of frames: 85
[2024-11-17 13:35:58,367][phalp.trackers.PHALP][INFO] - Setting up DeepSort...
[2024-11-17 13:35:58,368][phalp.trackers.PHALP][INFO] - Saving tracks at : /home/daniel/development/csc2626/final-project/golfdb/data/poses//results/TIGER_WOODS_ABXWGNcEKgU_9690d930-d4b1-48b2-ab8f-ec5a606040bc
[2024-11-17 13:36:49,726][pytorch_lightning.utilities.migration.utils][INFO] - Lightning automatically upgraded your loaded checkpoint from v1.8.1 to v2.4.0. To apply the upgrade to your files permanently, run `python -m pytorch_lightning.utilities.upgrade_checkpoint ../../../../.cache/4DHumans/logs/train/multiruns/hmr2/0/checkpoints/epoch=35-step=1000000.ckpt`
[2024-11-17 13:36:53,260][phalp.trackers.PHALP][INFO] - Loading Predictor model...
[2024-11-17 13:36:53,419][phalp.trackers.PHALP][INFO] - Loading Detection model...
[2024-11-17 13:36:53,757][detectron2.checkpoint.detection_checkpoint][INFO] - [DetectionCheckpointer] Loading from https://dl.fbaipublicfiles.com/detectron2/new_baselines/mask_rcnn_regnety_4gf_dds_FPN_400ep_LSJ/42045954/model_final_ef3a80.pkl ...
[2024-11-17 13:36:54,667][detectron2.checkpoint.detection_checkpoint][INFO] - [DetectionCheckpointer] Loading from https://dl.fbaipublicfiles.com/detectron2/COCO-InstanceSegmentation/mask_rcnn_X_101_32x8d_FPN_3x/139653917/model_final_2d9806.pkl ...
[2024-11-17 13:36:54,860][phalp.trackers.PHALP][INFO] - Setting up Visualizer...
[2024-11-17 13:36:55,392][phalp.utils.io][INFO] - Number of frames: 245
[2024-11-17 13:36:55,490][phalp.trackers.PHALP][INFO] - Setting up DeepSort...
[2024-11-17 13:36:55,491][phalp.trackers.PHALP][INFO] - Saving tracks at : /home/daniel/development/csc2626/final-project/golfdb/data/poses//results/TIGER_WOODS_ABXWGNcEKgU_8dd7ca60-4a36-4274-9a95-dd62da901be2
[2024-11-17 13:39:09,524][pytorch_lightning.utilities.migration.utils][INFO] - Lightning automatically upgraded your loaded checkpoint from v1.8.1 to v2.4.0. To apply the upgrade to your files permanently, run `python -m pytorch_lightning.utilities.upgrade_checkpoint ../../../../.cache/4DHumans/logs/train/multiruns/hmr2/0/checkpoints/epoch=35-step=1000000.ckpt`
[2024-11-17 13:39:13,054][phalp.trackers.PHALP][INFO] - Loading Predictor model...
[2024-11-17 13:39:13,214][phalp.trackers.PHALP][INFO] - Loading Detection model...
[2024-11-17 13:39:13,551][detectron2.checkpoint.detection_checkpoint][INFO] - [DetectionCheckpointer] Loading from https://dl.fbaipublicfiles.com/detectron2/new_baselines/mask_rcnn_regnety_4gf_dds_FPN_400ep_LSJ/42045954/model_final_ef3a80.pkl ...
[2024-11-17 13:39:14,467][detectron2.checkpoint.detection_checkpoint][INFO] - [DetectionCheckpointer] Loading from https://dl.fbaipublicfiles.com/detectron2/COCO-InstanceSegmentation/mask_rcnn_X_101_32x8d_FPN_3x/139653917/model_final_2d9806.pkl ...
[2024-11-17 13:39:14,668][phalp.trackers.PHALP][INFO] - Setting up Visualizer...
[2024-11-17 13:39:15,195][phalp.utils.io][INFO] - Number of frames: 78
[2024-11-17 13:39:15,235][phalp.trackers.PHALP][INFO] - Setting up DeepSort...
[2024-11-17 13:39:15,236][phalp.trackers.PHALP][INFO] - Saving tracks at : /home/daniel/development/csc2626/final-project/golfdb/data/poses//results/TIGER_WOODS_PUiURw2D86g_1acfcca1-f336-4810-9129-c8ceaa647fad
[2024-11-17 13:40:03,255][pytorch_lightning.utilities.migration.utils][INFO] - Lightning automatically upgraded your loaded checkpoint from v1.8.1 to v2.4.0. To apply the upgrade to your files permanently, run `python -m pytorch_lightning.utilities.upgrade_checkpoint ../../../../.cache/4DHumans/logs/train/multiruns/hmr2/0/checkpoints/epoch=35-step=1000000.ckpt`
[2024-11-17 13:40:06,856][phalp.trackers.PHALP][INFO] - Loading Predictor model...
[2024-11-17 13:40:07,014][phalp.trackers.PHALP][INFO] - Loading Detection model...
[2024-11-17 13:40:07,348][detectron2.checkpoint.detection_checkpoint][INFO] - [DetectionCheckpointer] Loading from https://dl.fbaipublicfiles.com/detectron2/new_baselines/mask_rcnn_regnety_4gf_dds_FPN_400ep_LSJ/42045954/model_final_ef3a80.pkl ...
[2024-11-17 13:40:08,263][detectron2.checkpoint.detection_checkpoint][INFO] - [DetectionCheckpointer] Loading from https://dl.fbaipublicfiles.com/detectron2/COCO-InstanceSegmentation/mask_rcnn_X_101_32x8d_FPN_3x/139653917/model_final_2d9806.pkl ...
[2024-11-17 13:40:08,464][phalp.trackers.PHALP][INFO] - Setting up Visualizer...
[2024-11-17 13:40:08,991][phalp.utils.io][INFO] - Number of frames: 81
[2024-11-17 13:40:09,029][phalp.trackers.PHALP][INFO] - Setting up DeepSort...
[2024-11-17 13:40:09,030][phalp.trackers.PHALP][INFO] - Saving tracks at : /home/daniel/development/csc2626/final-project/golfdb/data/poses//results/TIGER_WOODS_PUiURw2D86g_7a3ac60e-2897-4dec-8b26-7635dfb109d7
[2024-11-17 13:40:58,468][pytorch_lightning.utilities.migration.utils][INFO] - Lightning automatically upgraded your loaded checkpoint from v1.8.1 to v2.4.0. To apply the upgrade to your files permanently, run `python -m pytorch_lightning.utilities.upgrade_checkpoint ../../../../.cache/4DHumans/logs/train/multiruns/hmr2/0/checkpoints/epoch=35-step=1000000.ckpt`
[2024-11-17 13:41:01,989][phalp.trackers.PHALP][INFO] - Loading Predictor model...
[2024-11-17 13:41:02,148][phalp.trackers.PHALP][INFO] - Loading Detection model...
[2024-11-17 13:41:02,484][detectron2.checkpoint.detection_checkpoint][INFO] - [DetectionCheckpointer] Loading from https://dl.fbaipublicfiles.com/detectron2/new_baselines/mask_rcnn_regnety_4gf_dds_FPN_400ep_LSJ/42045954/model_final_ef3a80.pkl ...
[2024-11-17 13:41:03,405][detectron2.checkpoint.detection_checkpoint][INFO] - [DetectionCheckpointer] Loading from https://dl.fbaipublicfiles.com/detectron2/COCO-InstanceSegmentation/mask_rcnn_X_101_32x8d_FPN_3x/139653917/model_final_2d9806.pkl ...
[2024-11-17 13:41:03,599][phalp.trackers.PHALP][INFO] - Setting up Visualizer...
[2024-11-17 13:41:04,128][phalp.utils.io][INFO] - Number of frames: 205
[2024-11-17 13:41:04,218][phalp.trackers.PHALP][INFO] - Setting up DeepSort...
[2024-11-17 13:41:04,219][phalp.trackers.PHALP][INFO] - Saving tracks at : /home/daniel/development/csc2626/final-project/golfdb/data/poses//results/TIGER_WOODS_PUiURw2D86g_ae23d32b-e6f8-40b4-9389-222945d77678
[2024-11-17 13:42:57,798][pytorch_lightning.utilities.migration.utils][INFO] - Lightning automatically upgraded your loaded checkpoint from v1.8.1 to v2.4.0. To apply the upgrade to your files permanently, run `python -m pytorch_lightning.utilities.upgrade_checkpoint ../../../../.cache/4DHumans/logs/train/multiruns/hmr2/0/checkpoints/epoch=35-step=1000000.ckpt`
[2024-11-17 13:43:01,341][phalp.trackers.PHALP][INFO] - Loading Predictor model...
[2024-11-17 13:43:01,498][phalp.trackers.PHALP][INFO] - Loading Detection model...
[2024-11-17 13:43:01,838][detectron2.checkpoint.detection_checkpoint][INFO] - [DetectionCheckpointer] Loading from https://dl.fbaipublicfiles.com/detectron2/new_baselines/mask_rcnn_regnety_4gf_dds_FPN_400ep_LSJ/42045954/model_final_ef3a80.pkl ...
[2024-11-17 13:43:02,764][detectron2.checkpoint.detection_checkpoint][INFO] - [DetectionCheckpointer] Loading from https://dl.fbaipublicfiles.com/detectron2/COCO-InstanceSegmentation/mask_rcnn_X_101_32x8d_FPN_3x/139653917/model_final_2d9806.pkl ...
[2024-11-17 13:43:02,952][phalp.trackers.PHALP][INFO] - Setting up Visualizer...
[2024-11-17 13:43:03,554][phalp.utils.io][INFO] - Number of frames: 213
[2024-11-17 13:43:03,639][phalp.trackers.PHALP][INFO] - Setting up DeepSort...
[2024-11-17 13:43:03,639][phalp.trackers.PHALP][INFO] - Saving tracks at : /home/daniel/development/csc2626/final-project/golfdb/data/poses//results/TIGER_WOODS_PUiURw2D86g_203047a0-dfcb-44c2-9bc1-47e192825686
[2024-11-17 13:45:00,938][pytorch_lightning.utilities.migration.utils][INFO] - Lightning automatically upgraded your loaded checkpoint from v1.8.1 to v2.4.0. To apply the upgrade to your files permanently, run `python -m pytorch_lightning.utilities.upgrade_checkpoint ../../../../.cache/4DHumans/logs/train/multiruns/hmr2/0/checkpoints/epoch=35-step=1000000.ckpt`
[2024-11-17 13:45:04,470][phalp.trackers.PHALP][INFO] - Loading Predictor model...
[2024-11-17 13:45:04,629][phalp.trackers.PHALP][INFO] - Loading Detection model...
[2024-11-17 13:45:04,966][detectron2.checkpoint.detection_checkpoint][INFO] - [DetectionCheckpointer] Loading from https://dl.fbaipublicfiles.com/detectron2/new_baselines/mask_rcnn_regnety_4gf_dds_FPN_400ep_LSJ/42045954/model_final_ef3a80.pkl ...
[2024-11-17 13:45:05,872][detectron2.checkpoint.detection_checkpoint][INFO] - [DetectionCheckpointer] Loading from https://dl.fbaipublicfiles.com/detectron2/COCO-InstanceSegmentation/mask_rcnn_X_101_32x8d_FPN_3x/139653917/model_final_2d9806.pkl ...
[2024-11-17 13:45:06,068][phalp.trackers.PHALP][INFO] - Setting up Visualizer...
[2024-11-17 13:45:06,591][phalp.utils.io][INFO] - Number of frames: 83
[2024-11-17 13:45:06,636][phalp.trackers.PHALP][INFO] - Setting up DeepSort...
[2024-11-17 13:45:06,636][phalp.trackers.PHALP][INFO] - Saving tracks at : /home/daniel/development/csc2626/final-project/golfdb/data/poses//results/TIGER_WOODS_CuAL_6U7_aQ_5fd5ed2c-cc49-4f8b-a638-c655d3fd464d
[2024-11-17 13:45:58,855][pytorch_lightning.utilities.migration.utils][INFO] - Lightning automatically upgraded your loaded checkpoint from v1.8.1 to v2.4.0. To apply the upgrade to your files permanently, run `python -m pytorch_lightning.utilities.upgrade_checkpoint ../../../../.cache/4DHumans/logs/train/multiruns/hmr2/0/checkpoints/epoch=35-step=1000000.ckpt`
[2024-11-17 13:46:02,391][phalp.trackers.PHALP][INFO] - Loading Predictor model...
[2024-11-17 13:46:02,547][phalp.trackers.PHALP][INFO] - Loading Detection model...
[2024-11-17 13:46:02,883][detectron2.checkpoint.detection_checkpoint][INFO] - [DetectionCheckpointer] Loading from https://dl.fbaipublicfiles.com/detectron2/new_baselines/mask_rcnn_regnety_4gf_dds_FPN_400ep_LSJ/42045954/model_final_ef3a80.pkl ...
[2024-11-17 13:46:03,781][detectron2.checkpoint.detection_checkpoint][INFO] - [DetectionCheckpointer] Loading from https://dl.fbaipublicfiles.com/detectron2/COCO-InstanceSegmentation/mask_rcnn_X_101_32x8d_FPN_3x/139653917/model_final_2d9806.pkl ...
[2024-11-17 13:46:03,976][phalp.trackers.PHALP][INFO] - Setting up Visualizer...
[2024-11-17 13:46:04,511][phalp.utils.io][INFO] - Number of frames: 242
[2024-11-17 13:46:04,626][phalp.trackers.PHALP][INFO] - Setting up DeepSort...
[2024-11-17 13:46:04,626][phalp.trackers.PHALP][INFO] - Saving tracks at : /home/daniel/development/csc2626/final-project/golfdb/data/poses//results/TIGER_WOODS_CuAL_6U7_aQ_e5b84af4-84a2-4f9d-bff3-54a9fa7842bf
[2024-11-17 13:48:23,060][pytorch_lightning.utilities.migration.utils][INFO] - Lightning automatically upgraded your loaded checkpoint from v1.8.1 to v2.4.0. To apply the upgrade to your files permanently, run `python -m pytorch_lightning.utilities.upgrade_checkpoint ../../../../.cache/4DHumans/logs/train/multiruns/hmr2/0/checkpoints/epoch=35-step=1000000.ckpt`
[2024-11-17 13:48:26,594][phalp.trackers.PHALP][INFO] - Loading Predictor model...
[2024-11-17 13:48:26,759][phalp.trackers.PHALP][INFO] - Loading Detection model...
[2024-11-17 13:48:27,095][detectron2.checkpoint.detection_checkpoint][INFO] - [DetectionCheckpointer] Loading from https://dl.fbaipublicfiles.com/detectron2/new_baselines/mask_rcnn_regnety_4gf_dds_FPN_400ep_LSJ/42045954/model_final_ef3a80.pkl ...
[2024-11-17 13:48:28,007][detectron2.checkpoint.detection_checkpoint][INFO] - [DetectionCheckpointer] Loading from https://dl.fbaipublicfiles.com/detectron2/COCO-InstanceSegmentation/mask_rcnn_X_101_32x8d_FPN_3x/139653917/model_final_2d9806.pkl ...
[2024-11-17 13:48:28,217][phalp.trackers.PHALP][INFO] - Setting up Visualizer...
[2024-11-17 13:48:28,751][phalp.utils.io][INFO] - Number of frames: 100
[2024-11-17 13:48:28,787][phalp.trackers.PHALP][INFO] - Setting up DeepSort...
[2024-11-17 13:48:28,788][phalp.trackers.PHALP][INFO] - Saving tracks at : /home/daniel/development/csc2626/final-project/golfdb/data/poses//results/TIGER_WOODS_kbXSIa1zAAI_cd61efea-198b-4a71-8695-fab9fe674f1e
[2024-11-17 13:49:27,677][pytorch_lightning.utilities.migration.utils][INFO] - Lightning automatically upgraded your loaded checkpoint from v1.8.1 to v2.4.0. To apply the upgrade to your files permanently, run `python -m pytorch_lightning.utilities.upgrade_checkpoint ../../../../.cache/4DHumans/logs/train/multiruns/hmr2/0/checkpoints/epoch=35-step=1000000.ckpt`
[2024-11-17 13:49:31,215][phalp.trackers.PHALP][INFO] - Loading Predictor model...
[2024-11-17 13:49:31,395][phalp.trackers.PHALP][INFO] - Loading Detection model...
[2024-11-17 13:49:31,739][detectron2.checkpoint.detection_checkpoint][INFO] - [DetectionCheckpointer] Loading from https://dl.fbaipublicfiles.com/detectron2/new_baselines/mask_rcnn_regnety_4gf_dds_FPN_400ep_LSJ/42045954/model_final_ef3a80.pkl ...
[2024-11-17 13:49:32,624][detectron2.checkpoint.detection_checkpoint][INFO] - [DetectionCheckpointer] Loading from https://dl.fbaipublicfiles.com/detectron2/COCO-InstanceSegmentation/mask_rcnn_X_101_32x8d_FPN_3x/139653917/model_final_2d9806.pkl ...
[2024-11-17 13:49:32,810][phalp.trackers.PHALP][INFO] - Setting up Visualizer...
[2024-11-17 13:49:33,344][phalp.utils.io][INFO] - Number of frames: 227
[2024-11-17 13:49:33,431][phalp.trackers.PHALP][INFO] - Setting up DeepSort...
[2024-11-17 13:49:33,432][phalp.trackers.PHALP][INFO] - Saving tracks at : /home/daniel/development/csc2626/final-project/golfdb/data/poses//results/TIGER_WOODS_kbXSIa1zAAI_4f55ed3a-2b54-49e9-8dc0-3563c8d94fe6
[2024-11-17 13:51:38,422][pytorch_lightning.utilities.migration.utils][INFO] - Lightning automatically upgraded your loaded checkpoint from v1.8.1 to v2.4.0. To apply the upgrade to your files permanently, run `python -m pytorch_lightning.utilities.upgrade_checkpoint ../../../../.cache/4DHumans/logs/train/multiruns/hmr2/0/checkpoints/epoch=35-step=1000000.ckpt`
[2024-11-17 13:51:41,990][phalp.trackers.PHALP][INFO] - Loading Predictor model...
[2024-11-17 13:51:42,147][phalp.trackers.PHALP][INFO] - Loading Detection model...
[2024-11-17 13:51:42,486][detectron2.checkpoint.detection_checkpoint][INFO] - [DetectionCheckpointer] Loading from https://dl.fbaipublicfiles.com/detectron2/new_baselines/mask_rcnn_regnety_4gf_dds_FPN_400ep_LSJ/42045954/model_final_ef3a80.pkl ...
[2024-11-17 13:51:43,449][detectron2.checkpoint.detection_checkpoint][INFO] - [DetectionCheckpointer] Loading from https://dl.fbaipublicfiles.com/detectron2/COCO-InstanceSegmentation/mask_rcnn_X_101_32x8d_FPN_3x/139653917/model_final_2d9806.pkl ...
[2024-11-17 13:51:43,647][phalp.trackers.PHALP][INFO] - Setting up Visualizer...
[2024-11-17 13:51:44,185][phalp.utils.io][INFO] - Number of frames: 87
[2024-11-17 13:51:44,224][phalp.trackers.PHALP][INFO] - Setting up DeepSort...
[2024-11-17 13:51:44,225][phalp.trackers.PHALP][INFO] - Saving tracks at : /home/daniel/development/csc2626/final-project/golfdb/data/poses//results/TIGER_WOODS_4H2k5sHRqUU_11f3044d-f584-40b1-9a37-4e637d5a90f4
[2024-11-17 13:52:36,471][pytorch_lightning.utilities.migration.utils][INFO] - Lightning automatically upgraded your loaded checkpoint from v1.8.1 to v2.4.0. To apply the upgrade to your files permanently, run `python -m pytorch_lightning.utilities.upgrade_checkpoint ../../../../.cache/4DHumans/logs/train/multiruns/hmr2/0/checkpoints/epoch=35-step=1000000.ckpt`
[2024-11-17 13:52:39,996][phalp.trackers.PHALP][INFO] - Loading Predictor model...
[2024-11-17 13:52:40,158][phalp.trackers.PHALP][INFO] - Loading Detection model...
[2024-11-17 13:52:40,494][detectron2.checkpoint.detection_checkpoint][INFO] - [DetectionCheckpointer] Loading from https://dl.fbaipublicfiles.com/detectron2/new_baselines/mask_rcnn_regnety_4gf_dds_FPN_400ep_LSJ/42045954/model_final_ef3a80.pkl ...
[2024-11-17 13:52:41,394][detectron2.checkpoint.detection_checkpoint][INFO] - [DetectionCheckpointer] Loading from https://dl.fbaipublicfiles.com/detectron2/COCO-InstanceSegmentation/mask_rcnn_X_101_32x8d_FPN_3x/139653917/model_final_2d9806.pkl ...
[2024-11-17 13:52:41,595][phalp.trackers.PHALP][INFO] - Setting up Visualizer...
[2024-11-17 13:52:42,122][phalp.utils.io][INFO] - Number of frames: 220
[2024-11-17 13:52:42,204][phalp.trackers.PHALP][INFO] - Setting up DeepSort...
[2024-11-17 13:52:42,205][phalp.trackers.PHALP][INFO] - Saving tracks at : /home/daniel/development/csc2626/final-project/golfdb/data/poses//results/TIGER_WOODS_4H2k5sHRqUU_89aa9760-2c32-422f-8e8b-c180ffd536af
[2024-11-17 13:54:45,476][pytorch_lightning.utilities.migration.utils][INFO] - Lightning automatically upgraded your loaded checkpoint from v1.8.1 to v2.4.0. To apply the upgrade to your files permanently, run `python -m pytorch_lightning.utilities.upgrade_checkpoint ../../../../.cache/4DHumans/logs/train/multiruns/hmr2/0/checkpoints/epoch=35-step=1000000.ckpt`
[2024-11-17 13:54:49,010][phalp.trackers.PHALP][INFO] - Loading Predictor model...
[2024-11-17 13:54:49,166][phalp.trackers.PHALP][INFO] - Loading Detection model...
[2024-11-17 13:54:49,502][detectron2.checkpoint.detection_checkpoint][INFO] - [DetectionCheckpointer] Loading from https://dl.fbaipublicfiles.com/detectron2/new_baselines/mask_rcnn_regnety_4gf_dds_FPN_400ep_LSJ/42045954/model_final_ef3a80.pkl ...
[2024-11-17 13:54:50,408][detectron2.checkpoint.detection_checkpoint][INFO] - [DetectionCheckpointer] Loading from https://dl.fbaipublicfiles.com/detectron2/COCO-InstanceSegmentation/mask_rcnn_X_101_32x8d_FPN_3x/139653917/model_final_2d9806.pkl ...
[2024-11-17 13:54:50,614][phalp.trackers.PHALP][INFO] - Setting up Visualizer...
[2024-11-17 13:54:51,150][phalp.utils.io][INFO] - Number of frames: 83
[2024-11-17 13:54:51,197][phalp.trackers.PHALP][INFO] - Setting up DeepSort...
[2024-11-17 13:54:51,197][phalp.trackers.PHALP][INFO] - Saving tracks at : /home/daniel/development/csc2626/final-project/golfdb/data/poses//results/TIGER_WOODS_1yBqlMwG8Lw_09ad9db1-98d3-4cb8-9c96-4d4393828e50
[2024-11-17 13:55:41,577][pytorch_lightning.utilities.migration.utils][INFO] - Lightning automatically upgraded your loaded checkpoint from v1.8.1 to v2.4.0. To apply the upgrade to your files permanently, run `python -m pytorch_lightning.utilities.upgrade_checkpoint ../../../../.cache/4DHumans/logs/train/multiruns/hmr2/0/checkpoints/epoch=35-step=1000000.ckpt`
[2024-11-17 13:55:45,135][phalp.trackers.PHALP][INFO] - Loading Predictor model...
[2024-11-17 13:55:45,292][phalp.trackers.PHALP][INFO] - Loading Detection model...
[2024-11-17 13:55:45,630][detectron2.checkpoint.detection_checkpoint][INFO] - [DetectionCheckpointer] Loading from https://dl.fbaipublicfiles.com/detectron2/new_baselines/mask_rcnn_regnety_4gf_dds_FPN_400ep_LSJ/42045954/model_final_ef3a80.pkl ...
[2024-11-17 13:55:46,529][detectron2.checkpoint.detection_checkpoint][INFO] - [DetectionCheckpointer] Loading from https://dl.fbaipublicfiles.com/detectron2/COCO-InstanceSegmentation/mask_rcnn_X_101_32x8d_FPN_3x/139653917/model_final_2d9806.pkl ...
[2024-11-17 13:55:46,727][phalp.trackers.PHALP][INFO] - Setting up Visualizer...
[2024-11-17 13:55:47,273][phalp.utils.io][INFO] - Number of frames: 221
[2024-11-17 13:55:47,384][phalp.trackers.PHALP][INFO] - Setting up DeepSort...
[2024-11-17 13:55:47,384][phalp.trackers.PHALP][INFO] - Saving tracks at : /home/daniel/development/csc2626/final-project/golfdb/data/poses//results/TIGER_WOODS_1yBqlMwG8Lw_027646a6-2eec-446a-9569-df2bdd04f9ed
[2024-11-17 13:57:50,036][pytorch_lightning.utilities.migration.utils][INFO] - Lightning automatically upgraded your loaded checkpoint from v1.8.1 to v2.4.0. To apply the upgrade to your files permanently, run `python -m pytorch_lightning.utilities.upgrade_checkpoint ../../../../.cache/4DHumans/logs/train/multiruns/hmr2/0/checkpoints/epoch=35-step=1000000.ckpt`
[2024-11-17 13:57:53,576][phalp.trackers.PHALP][INFO] - Loading Predictor model...
[2024-11-17 13:57:53,735][phalp.trackers.PHALP][INFO] - Loading Detection model...
[2024-11-17 13:57:54,071][detectron2.checkpoint.detection_checkpoint][INFO] - [DetectionCheckpointer] Loading from https://dl.fbaipublicfiles.com/detectron2/new_baselines/mask_rcnn_regnety_4gf_dds_FPN_400ep_LSJ/42045954/model_final_ef3a80.pkl ...
[2024-11-17 13:57:54,976][detectron2.checkpoint.detection_checkpoint][INFO] - [DetectionCheckpointer] Loading from https://dl.fbaipublicfiles.com/detectron2/COCO-InstanceSegmentation/mask_rcnn_X_101_32x8d_FPN_3x/139653917/model_final_2d9806.pkl ...
[2024-11-17 13:57:55,180][phalp.trackers.PHALP][INFO] - Setting up Visualizer...
[2024-11-17 13:57:55,725][phalp.utils.io][INFO] - Number of frames: 83
[2024-11-17 13:57:55,773][phalp.trackers.PHALP][INFO] - Setting up DeepSort...
[2024-11-17 13:57:55,773][phalp.trackers.PHALP][INFO] - Saving tracks at : /home/daniel/development/csc2626/final-project/golfdb/data/poses//results/TIGER_WOODS_1yBqlMwG8Lw_6f9e3de0-2036-4f7f-8840-37a62463c604
[2024-11-17 13:58:44,668][pytorch_lightning.utilities.migration.utils][INFO] - Lightning automatically upgraded your loaded checkpoint from v1.8.1 to v2.4.0. To apply the upgrade to your files permanently, run `python -m pytorch_lightning.utilities.upgrade_checkpoint ../../../../.cache/4DHumans/logs/train/multiruns/hmr2/0/checkpoints/epoch=35-step=1000000.ckpt`
[2024-11-17 13:58:48,188][phalp.trackers.PHALP][INFO] - Loading Predictor model...
[2024-11-17 13:58:48,345][phalp.trackers.PHALP][INFO] - Loading Detection model...
[2024-11-17 13:58:48,686][detectron2.checkpoint.detection_checkpoint][INFO] - [DetectionCheckpointer] Loading from https://dl.fbaipublicfiles.com/detectron2/new_baselines/mask_rcnn_regnety_4gf_dds_FPN_400ep_LSJ/42045954/model_final_ef3a80.pkl ...
[2024-11-17 13:58:49,584][detectron2.checkpoint.detection_checkpoint][INFO] - [DetectionCheckpointer] Loading from https://dl.fbaipublicfiles.com/detectron2/COCO-InstanceSegmentation/mask_rcnn_X_101_32x8d_FPN_3x/139653917/model_final_2d9806.pkl ...
[2024-11-17 13:58:49,774][phalp.trackers.PHALP][INFO] - Setting up Visualizer...
[2024-11-17 13:58:50,298][phalp.utils.io][INFO] - Number of frames: 223
[2024-11-17 13:58:50,412][phalp.trackers.PHALP][INFO] - Setting up DeepSort...
[2024-11-17 13:58:50,413][phalp.trackers.PHALP][INFO] - Saving tracks at : /home/daniel/development/csc2626/final-project/golfdb/data/poses//results/TIGER_WOODS_1yBqlMwG8Lw_0692b4fc-8ab4-41bc-af87-339c3bcf00be
[2024-11-17 14:00:54,341][pytorch_lightning.utilities.migration.utils][INFO] - Lightning automatically upgraded your loaded checkpoint from v1.8.1 to v2.4.0. To apply the upgrade to your files permanently, run `python -m pytorch_lightning.utilities.upgrade_checkpoint ../../../../.cache/4DHumans/logs/train/multiruns/hmr2/0/checkpoints/epoch=35-step=1000000.ckpt`
[2024-11-17 14:01:02,423][phalp.trackers.PHALP][INFO] - Loading Predictor model...
[2024-11-17 14:01:02,579][phalp.trackers.PHALP][INFO] - Loading Detection model...
[2024-11-17 14:01:02,914][detectron2.checkpoint.detection_checkpoint][INFO] - [DetectionCheckpointer] Loading from https://dl.fbaipublicfiles.com/detectron2/new_baselines/mask_rcnn_regnety_4gf_dds_FPN_400ep_LSJ/42045954/model_final_ef3a80.pkl ...
[2024-11-17 14:01:03,821][detectron2.checkpoint.detection_checkpoint][INFO] - [DetectionCheckpointer] Loading from https://dl.fbaipublicfiles.com/detectron2/COCO-InstanceSegmentation/mask_rcnn_X_101_32x8d_FPN_3x/139653917/model_final_2d9806.pkl ...
[2024-11-17 14:01:04,013][phalp.trackers.PHALP][INFO] - Setting up Visualizer...
[2024-11-17 14:01:04,540][phalp.utils.io][INFO] - Number of frames: 80
[2024-11-17 14:01:04,581][phalp.trackers.PHALP][INFO] - Setting up DeepSort...
[2024-11-17 14:01:04,581][phalp.trackers.PHALP][INFO] - Saving tracks at : /home/daniel/development/csc2626/final-project/golfdb/data/poses//results/TIGER_WOODS__C3AOgnp1-A_b2ffdd57-7f77-4583-8cf8-d9f74cfa8524
[2024-11-17 14:01:51,885][pytorch_lightning.utilities.migration.utils][INFO] - Lightning automatically upgraded your loaded checkpoint from v1.8.1 to v2.4.0. To apply the upgrade to your files permanently, run `python -m pytorch_lightning.utilities.upgrade_checkpoint ../../../../.cache/4DHumans/logs/train/multiruns/hmr2/0/checkpoints/epoch=35-step=1000000.ckpt`
[2024-11-17 14:01:55,429][phalp.trackers.PHALP][INFO] - Loading Predictor model...
[2024-11-17 14:01:55,588][phalp.trackers.PHALP][INFO] - Loading Detection model...
[2024-11-17 14:01:55,924][detectron2.checkpoint.detection_checkpoint][INFO] - [DetectionCheckpointer] Loading from https://dl.fbaipublicfiles.com/detectron2/new_baselines/mask_rcnn_regnety_4gf_dds_FPN_400ep_LSJ/42045954/model_final_ef3a80.pkl ...
[2024-11-17 14:01:56,831][detectron2.checkpoint.detection_checkpoint][INFO] - [DetectionCheckpointer] Loading from https://dl.fbaipublicfiles.com/detectron2/COCO-InstanceSegmentation/mask_rcnn_X_101_32x8d_FPN_3x/139653917/model_final_2d9806.pkl ...
[2024-11-17 14:01:57,034][phalp.trackers.PHALP][INFO] - Setting up Visualizer...
[2024-11-17 14:01:57,574][phalp.utils.io][INFO] - Number of frames: 219
[2024-11-17 14:01:57,664][phalp.trackers.PHALP][INFO] - Setting up DeepSort...
[2024-11-17 14:01:57,664][phalp.trackers.PHALP][INFO] - Saving tracks at : /home/daniel/development/csc2626/final-project/golfdb/data/poses//results/TIGER_WOODS__C3AOgnp1-A_cd783b77-1056-457e-9d81-0f9b1e6e9e0b
[2024-11-17 14:03:59,297][pytorch_lightning.utilities.migration.utils][INFO] - Lightning automatically upgraded your loaded checkpoint from v1.8.1 to v2.4.0. To apply the upgrade to your files permanently, run `python -m pytorch_lightning.utilities.upgrade_checkpoint ../../../../.cache/4DHumans/logs/train/multiruns/hmr2/0/checkpoints/epoch=35-step=1000000.ckpt`
[2024-11-17 14:04:02,847][phalp.trackers.PHALP][INFO] - Loading Predictor model...
[2024-11-17 14:04:03,012][phalp.trackers.PHALP][INFO] - Loading Detection model...
[2024-11-17 14:04:03,351][detectron2.checkpoint.detection_checkpoint][INFO] - [DetectionCheckpointer] Loading from https://dl.fbaipublicfiles.com/detectron2/new_baselines/mask_rcnn_regnety_4gf_dds_FPN_400ep_LSJ/42045954/model_final_ef3a80.pkl ...
[2024-11-17 14:04:04,281][detectron2.checkpoint.detection_checkpoint][INFO] - [DetectionCheckpointer] Loading from https://dl.fbaipublicfiles.com/detectron2/COCO-InstanceSegmentation/mask_rcnn_X_101_32x8d_FPN_3x/139653917/model_final_2d9806.pkl ...
[2024-11-17 14:04:04,493][phalp.trackers.PHALP][INFO] - Setting up Visualizer...
[2024-11-17 14:04:05,026][phalp.utils.io][INFO] - Number of frames: 83
[2024-11-17 14:04:05,053][phalp.trackers.PHALP][INFO] - Setting up DeepSort...
[2024-11-17 14:04:05,054][phalp.trackers.PHALP][INFO] - Saving tracks at : /home/daniel/development/csc2626/final-project/golfdb/data/poses//results/TIGER_WOODS_3WfIqboFIHM_85e7f15e-11ad-4db6-8357-2b8d7575bddf
[2024-11-17 14:04:57,206][pytorch_lightning.utilities.migration.utils][INFO] - Lightning automatically upgraded your loaded checkpoint from v1.8.1 to v2.4.0. To apply the upgrade to your files permanently, run `python -m pytorch_lightning.utilities.upgrade_checkpoint ../../../../.cache/4DHumans/logs/train/multiruns/hmr2/0/checkpoints/epoch=35-step=1000000.ckpt`
[2024-11-17 14:05:00,793][phalp.trackers.PHALP][INFO] - Loading Predictor model...
[2024-11-17 14:05:00,975][phalp.trackers.PHALP][INFO] - Loading Detection model...
[2024-11-17 14:05:01,320][detectron2.checkpoint.detection_checkpoint][INFO] - [DetectionCheckpointer] Loading from https://dl.fbaipublicfiles.com/detectron2/new_baselines/mask_rcnn_regnety_4gf_dds_FPN_400ep_LSJ/42045954/model_final_ef3a80.pkl ...
[2024-11-17 14:05:02,289][detectron2.checkpoint.detection_checkpoint][INFO] - [DetectionCheckpointer] Loading from https://dl.fbaipublicfiles.com/detectron2/COCO-InstanceSegmentation/mask_rcnn_X_101_32x8d_FPN_3x/139653917/model_final_2d9806.pkl ...
[2024-11-17 14:05:02,497][phalp.trackers.PHALP][INFO] - Setting up Visualizer...
[2024-11-17 14:05:03,074][phalp.utils.io][INFO] - Number of frames: 226
[2024-11-17 14:05:03,160][phalp.trackers.PHALP][INFO] - Setting up DeepSort...
[2024-11-17 14:05:03,161][phalp.trackers.PHALP][INFO] - Saving tracks at : /home/daniel/development/csc2626/final-project/golfdb/data/poses//results/TIGER_WOODS_3WfIqboFIHM_7ea6609d-73e5-42ba-9a05-c792a9113718
[2024-11-17 14:07:12,954][pytorch_lightning.utilities.migration.utils][INFO] - Lightning automatically upgraded your loaded checkpoint from v1.8.1 to v2.4.0. To apply the upgrade to your files permanently, run `python -m pytorch_lightning.utilities.upgrade_checkpoint ../../../../.cache/4DHumans/logs/train/multiruns/hmr2/0/checkpoints/epoch=35-step=1000000.ckpt`
[2024-11-17 14:07:16,706][phalp.trackers.PHALP][INFO] - Loading Predictor model...
[2024-11-17 14:07:16,867][phalp.trackers.PHALP][INFO] - Loading Detection model...
[2024-11-17 14:07:17,218][detectron2.checkpoint.detection_checkpoint][INFO] - [DetectionCheckpointer] Loading from https://dl.fbaipublicfiles.com/detectron2/new_baselines/mask_rcnn_regnety_4gf_dds_FPN_400ep_LSJ/42045954/model_final_ef3a80.pkl ...
[2024-11-17 14:07:18,156][detectron2.checkpoint.detection_checkpoint][INFO] - [DetectionCheckpointer] Loading from https://dl.fbaipublicfiles.com/detectron2/COCO-InstanceSegmentation/mask_rcnn_X_101_32x8d_FPN_3x/139653917/model_final_2d9806.pkl ...
[2024-11-17 14:07:18,369][phalp.trackers.PHALP][INFO] - Setting up Visualizer...
[2024-11-17 14:07:18,942][phalp.utils.io][INFO] - Number of frames: 83
[2024-11-17 14:07:18,993][phalp.trackers.PHALP][INFO] - Setting up DeepSort...
[2024-11-17 14:07:18,994][phalp.trackers.PHALP][INFO] - Saving tracks at : /home/daniel/development/csc2626/final-project/golfdb/data/poses//results/TIGER_WOODS_H9MWcs3YS-I_aeb7ab91-1aca-442c-9197-6fca0c341a13
[2024-11-17 14:08:11,566][pytorch_lightning.utilities.migration.utils][INFO] - Lightning automatically upgraded your loaded checkpoint from v1.8.1 to v2.4.0. To apply the upgrade to your files permanently, run `python -m pytorch_lightning.utilities.upgrade_checkpoint ../../../../.cache/4DHumans/logs/train/multiruns/hmr2/0/checkpoints/epoch=35-step=1000000.ckpt`
[2024-11-17 14:08:15,176][phalp.trackers.PHALP][INFO] - Loading Predictor model...
[2024-11-17 14:08:15,345][phalp.trackers.PHALP][INFO] - Loading Detection model...
[2024-11-17 14:08:15,727][detectron2.checkpoint.detection_checkpoint][INFO] - [DetectionCheckpointer] Loading from https://dl.fbaipublicfiles.com/detectron2/new_baselines/mask_rcnn_regnety_4gf_dds_FPN_400ep_LSJ/42045954/model_final_ef3a80.pkl ...
[2024-11-17 14:08:16,685][detectron2.checkpoint.detection_checkpoint][INFO] - [DetectionCheckpointer] Loading from https://dl.fbaipublicfiles.com/detectron2/COCO-InstanceSegmentation/mask_rcnn_X_101_32x8d_FPN_3x/139653917/model_final_2d9806.pkl ...
[2024-11-17 14:08:16,890][phalp.trackers.PHALP][INFO] - Setting up Visualizer...
[2024-11-17 14:08:17,545][phalp.utils.io][INFO] - Number of frames: 81
[2024-11-17 14:08:17,590][phalp.trackers.PHALP][INFO] - Setting up DeepSort...
[2024-11-17 14:08:17,590][phalp.trackers.PHALP][INFO] - Saving tracks at : /home/daniel/development/csc2626/final-project/golfdb/data/poses//results/TIGER_WOODS_H9MWcs3YS-I_93a623c5-b1fc-4291-9f77-17312e47fbc1
[2024-11-17 14:09:15,623][pytorch_lightning.utilities.migration.utils][INFO] - Lightning automatically upgraded your loaded checkpoint from v1.8.1 to v2.4.0. To apply the upgrade to your files permanently, run `python -m pytorch_lightning.utilities.upgrade_checkpoint ../../../../.cache/4DHumans/logs/train/multiruns/hmr2/0/checkpoints/epoch=35-step=1000000.ckpt`
[2024-11-17 14:09:19,188][phalp.trackers.PHALP][INFO] - Loading Predictor model...
[2024-11-17 14:09:19,350][phalp.trackers.PHALP][INFO] - Loading Detection model...
[2024-11-17 14:09:19,695][detectron2.checkpoint.detection_checkpoint][INFO] - [DetectionCheckpointer] Loading from https://dl.fbaipublicfiles.com/detectron2/new_baselines/mask_rcnn_regnety_4gf_dds_FPN_400ep_LSJ/42045954/model_final_ef3a80.pkl ...
[2024-11-17 14:09:20,609][detectron2.checkpoint.detection_checkpoint][INFO] - [DetectionCheckpointer] Loading from https://dl.fbaipublicfiles.com/detectron2/COCO-InstanceSegmentation/mask_rcnn_X_101_32x8d_FPN_3x/139653917/model_final_2d9806.pkl ...
[2024-11-17 14:09:20,808][phalp.trackers.PHALP][INFO] - Setting up Visualizer...
[2024-11-17 14:09:21,339][phalp.utils.io][INFO] - Number of frames: 78
[2024-11-17 14:09:21,388][phalp.trackers.PHALP][INFO] - Setting up DeepSort...
[2024-11-17 14:09:21,389][phalp.trackers.PHALP][INFO] - Saving tracks at : /home/daniel/development/csc2626/final-project/golfdb/data/poses//results/TIGER_WOODS_H9MWcs3YS-I_e93ca681-72e0-46df-a646-389bd6aebe43
[2024-11-17 14:10:19,530][pytorch_lightning.utilities.migration.utils][INFO] - Lightning automatically upgraded your loaded checkpoint from v1.8.1 to v2.4.0. To apply the upgrade to your files permanently, run `python -m pytorch_lightning.utilities.upgrade_checkpoint ../../../../.cache/4DHumans/logs/train/multiruns/hmr2/0/checkpoints/epoch=35-step=1000000.ckpt`
[2024-11-17 14:10:23,283][phalp.trackers.PHALP][INFO] - Loading Predictor model...
[2024-11-17 14:10:23,496][phalp.trackers.PHALP][INFO] - Loading Detection model...
[2024-11-17 14:10:23,867][detectron2.checkpoint.detection_checkpoint][INFO] - [DetectionCheckpointer] Loading from https://dl.fbaipublicfiles.com/detectron2/new_baselines/mask_rcnn_regnety_4gf_dds_FPN_400ep_LSJ/42045954/model_final_ef3a80.pkl ...
[2024-11-17 14:10:24,802][detectron2.checkpoint.detection_checkpoint][INFO] - [DetectionCheckpointer] Loading from https://dl.fbaipublicfiles.com/detectron2/COCO-InstanceSegmentation/mask_rcnn_X_101_32x8d_FPN_3x/139653917/model_final_2d9806.pkl ...
[2024-11-17 14:10:25,015][phalp.trackers.PHALP][INFO] - Setting up Visualizer...
[2024-11-17 14:10:25,594][phalp.utils.io][INFO] - Number of frames: 85
[2024-11-17 14:10:25,638][phalp.trackers.PHALP][INFO] - Setting up DeepSort...
[2024-11-17 14:10:25,638][phalp.trackers.PHALP][INFO] - Saving tracks at : /home/daniel/development/csc2626/final-project/golfdb/data/poses//results/TIGER_WOODS_H9MWcs3YS-I_171b08a8-0bbb-4634-802c-a6b6e9a40ee4
[2024-11-17 14:11:19,932][pytorch_lightning.utilities.migration.utils][INFO] - Lightning automatically upgraded your loaded checkpoint from v1.8.1 to v2.4.0. To apply the upgrade to your files permanently, run `python -m pytorch_lightning.utilities.upgrade_checkpoint ../../../../.cache/4DHumans/logs/train/multiruns/hmr2/0/checkpoints/epoch=35-step=1000000.ckpt`
[2024-11-17 14:11:23,533][phalp.trackers.PHALP][INFO] - Loading Predictor model...
[2024-11-17 14:11:23,694][phalp.trackers.PHALP][INFO] - Loading Detection model...
[2024-11-17 14:11:24,033][detectron2.checkpoint.detection_checkpoint][INFO] - [DetectionCheckpointer] Loading from https://dl.fbaipublicfiles.com/detectron2/new_baselines/mask_rcnn_regnety_4gf_dds_FPN_400ep_LSJ/42045954/model_final_ef3a80.pkl ...
[2024-11-17 14:11:24,985][detectron2.checkpoint.detection_checkpoint][INFO] - [DetectionCheckpointer] Loading from https://dl.fbaipublicfiles.com/detectron2/COCO-InstanceSegmentation/mask_rcnn_X_101_32x8d_FPN_3x/139653917/model_final_2d9806.pkl ...
[2024-11-17 14:11:25,181][phalp.trackers.PHALP][INFO] - Setting up Visualizer...
[2024-11-17 14:11:25,790][phalp.utils.io][INFO] - Number of frames: 83
[2024-11-17 14:11:25,842][phalp.trackers.PHALP][INFO] - Setting up DeepSort...
[2024-11-17 14:11:25,842][phalp.trackers.PHALP][INFO] - Saving tracks at : /home/daniel/development/csc2626/final-project/golfdb/data/poses//results/TIGER_WOODS_H9MWcs3YS-I_f4b98ba5-57ac-49f8-8f8b-6a2e8b3167ab
[2024-11-17 14:12:19,163][pytorch_lightning.utilities.migration.utils][INFO] - Lightning automatically upgraded your loaded checkpoint from v1.8.1 to v2.4.0. To apply the upgrade to your files permanently, run `python -m pytorch_lightning.utilities.upgrade_checkpoint ../../../../.cache/4DHumans/logs/train/multiruns/hmr2/0/checkpoints/epoch=35-step=1000000.ckpt`
[2024-11-17 14:12:22,771][phalp.trackers.PHALP][INFO] - Loading Predictor model...
[2024-11-17 14:12:22,931][phalp.trackers.PHALP][INFO] - Loading Detection model...
[2024-11-17 14:12:23,268][detectron2.checkpoint.detection_checkpoint][INFO] - [DetectionCheckpointer] Loading from https://dl.fbaipublicfiles.com/detectron2/new_baselines/mask_rcnn_regnety_4gf_dds_FPN_400ep_LSJ/42045954/model_final_ef3a80.pkl ...
[2024-11-17 14:12:24,185][detectron2.checkpoint.detection_checkpoint][INFO] - [DetectionCheckpointer] Loading from https://dl.fbaipublicfiles.com/detectron2/COCO-InstanceSegmentation/mask_rcnn_X_101_32x8d_FPN_3x/139653917/model_final_2d9806.pkl ...
[2024-11-17 14:12:24,391][phalp.trackers.PHALP][INFO] - Setting up Visualizer...
[2024-11-17 14:12:24,939][phalp.utils.io][INFO] - Number of frames: 78
[2024-11-17 14:12:24,980][phalp.trackers.PHALP][INFO] - Setting up DeepSort...
[2024-11-17 14:12:24,980][phalp.trackers.PHALP][INFO] - Saving tracks at : /home/daniel/development/csc2626/final-project/golfdb/data/poses//results/TIGER_WOODS_W0YUPZGGQ34_6217ee36-5f01-49cb-b146-eb9f13c9edf7
[2024-11-17 14:13:14,526][pytorch_lightning.utilities.migration.utils][INFO] - Lightning automatically upgraded your loaded checkpoint from v1.8.1 to v2.4.0. To apply the upgrade to your files permanently, run `python -m pytorch_lightning.utilities.upgrade_checkpoint ../../../../.cache/4DHumans/logs/train/multiruns/hmr2/0/checkpoints/epoch=35-step=1000000.ckpt`
[2024-11-17 14:13:18,109][phalp.trackers.PHALP][INFO] - Loading Predictor model...
[2024-11-17 14:13:18,268][phalp.trackers.PHALP][INFO] - Loading Detection model...
[2024-11-17 14:13:18,605][detectron2.checkpoint.detection_checkpoint][INFO] - [DetectionCheckpointer] Loading from https://dl.fbaipublicfiles.com/detectron2/new_baselines/mask_rcnn_regnety_4gf_dds_FPN_400ep_LSJ/42045954/model_final_ef3a80.pkl ...
[2024-11-17 14:13:19,517][detectron2.checkpoint.detection_checkpoint][INFO] - [DetectionCheckpointer] Loading from https://dl.fbaipublicfiles.com/detectron2/COCO-InstanceSegmentation/mask_rcnn_X_101_32x8d_FPN_3x/139653917/model_final_2d9806.pkl ...
[2024-11-17 14:13:19,715][phalp.trackers.PHALP][INFO] - Setting up Visualizer...
[2024-11-17 14:13:20,258][phalp.utils.io][INFO] - Number of frames: 191
[2024-11-17 14:13:20,344][phalp.trackers.PHALP][INFO] - Setting up DeepSort...
[2024-11-17 14:13:20,345][phalp.trackers.PHALP][INFO] - Saving tracks at : /home/daniel/development/csc2626/final-project/golfdb/data/poses//results/TIGER_WOODS_W0YUPZGGQ34_4dff7fd7-92bb-419a-a624-2a5fea11e829
[2024-11-17 14:15:09,879][pytorch_lightning.utilities.migration.utils][INFO] - Lightning automatically upgraded your loaded checkpoint from v1.8.1 to v2.4.0. To apply the upgrade to your files permanently, run `python -m pytorch_lightning.utilities.upgrade_checkpoint ../../../../.cache/4DHumans/logs/train/multiruns/hmr2/0/checkpoints/epoch=35-step=1000000.ckpt`
[2024-11-17 14:15:13,422][phalp.trackers.PHALP][INFO] - Loading Predictor model...
[2024-11-17 14:15:13,583][phalp.trackers.PHALP][INFO] - Loading Detection model...
[2024-11-17 14:15:13,922][detectron2.checkpoint.detection_checkpoint][INFO] - [DetectionCheckpointer] Loading from https://dl.fbaipublicfiles.com/detectron2/new_baselines/mask_rcnn_regnety_4gf_dds_FPN_400ep_LSJ/42045954/model_final_ef3a80.pkl ...
[2024-11-17 14:15:14,827][detectron2.checkpoint.detection_checkpoint][INFO] - [DetectionCheckpointer] Loading from https://dl.fbaipublicfiles.com/detectron2/COCO-InstanceSegmentation/mask_rcnn_X_101_32x8d_FPN_3x/139653917/model_final_2d9806.pkl ...
[2024-11-17 14:15:15,026][phalp.trackers.PHALP][INFO] - Setting up Visualizer...
[2024-11-17 14:15:15,588][phalp.utils.io][INFO] - Number of frames: 168
[2024-11-17 14:15:15,679][phalp.trackers.PHALP][INFO] - Setting up DeepSort...
[2024-11-17 14:15:15,680][phalp.trackers.PHALP][INFO] - Saving tracks at : /home/daniel/development/csc2626/final-project/golfdb/data/poses//results/TIGER_WOODS_oGTKW_UbusM_396e633b-b37a-4679-9e84-c16e078015b6
[2024-11-17 14:16:55,657][pytorch_lightning.utilities.migration.utils][INFO] - Lightning automatically upgraded your loaded checkpoint from v1.8.1 to v2.4.0. To apply the upgrade to your files permanently, run `python -m pytorch_lightning.utilities.upgrade_checkpoint ../../../../.cache/4DHumans/logs/train/multiruns/hmr2/0/checkpoints/epoch=35-step=1000000.ckpt`
[2024-11-17 14:16:59,206][phalp.trackers.PHALP][INFO] - Loading Predictor model...
[2024-11-17 14:16:59,367][phalp.trackers.PHALP][INFO] - Loading Detection model...
[2024-11-17 14:16:59,703][detectron2.checkpoint.detection_checkpoint][INFO] - [DetectionCheckpointer] Loading from https://dl.fbaipublicfiles.com/detectron2/new_baselines/mask_rcnn_regnety_4gf_dds_FPN_400ep_LSJ/42045954/model_final_ef3a80.pkl ...
[2024-11-17 14:17:00,608][detectron2.checkpoint.detection_checkpoint][INFO] - [DetectionCheckpointer] Loading from https://dl.fbaipublicfiles.com/detectron2/COCO-InstanceSegmentation/mask_rcnn_X_101_32x8d_FPN_3x/139653917/model_final_2d9806.pkl ...
[2024-11-17 14:17:00,802][phalp.trackers.PHALP][INFO] - Setting up Visualizer...
[2024-11-17 14:17:01,347][phalp.utils.io][INFO] - Number of frames: 271
[2024-11-17 14:17:01,485][phalp.trackers.PHALP][INFO] - Setting up DeepSort...
[2024-11-17 14:17:01,485][phalp.trackers.PHALP][INFO] - Saving tracks at : /home/daniel/development/csc2626/final-project/golfdb/data/poses//results/TIGER_WOODS_oGTKW_UbusM_4e3605bf-2e54-4285-bc69-759f79a813cd
[2024-11-17 14:19:35,392][pytorch_lightning.utilities.migration.utils][INFO] - Lightning automatically upgraded your loaded checkpoint from v1.8.1 to v2.4.0. To apply the upgrade to your files permanently, run `python -m pytorch_lightning.utilities.upgrade_checkpoint ../../../../.cache/4DHumans/logs/train/multiruns/hmr2/0/checkpoints/epoch=35-step=1000000.ckpt`
[2024-11-17 14:19:39,046][phalp.trackers.PHALP][INFO] - Loading Predictor model...
[2024-11-17 14:19:39,205][phalp.trackers.PHALP][INFO] - Loading Detection model...
[2024-11-17 14:19:39,566][detectron2.checkpoint.detection_checkpoint][INFO] - [DetectionCheckpointer] Loading from https://dl.fbaipublicfiles.com/detectron2/new_baselines/mask_rcnn_regnety_4gf_dds_FPN_400ep_LSJ/42045954/model_final_ef3a80.pkl ...
[2024-11-17 14:19:40,494][detectron2.checkpoint.detection_checkpoint][INFO] - [DetectionCheckpointer] Loading from https://dl.fbaipublicfiles.com/detectron2/COCO-InstanceSegmentation/mask_rcnn_X_101_32x8d_FPN_3x/139653917/model_final_2d9806.pkl ...
[2024-11-17 14:19:40,690][phalp.trackers.PHALP][INFO] - Setting up Visualizer...
[2024-11-17 14:19:41,262][phalp.utils.io][INFO] - Number of frames: 82
[2024-11-17 14:19:41,312][phalp.trackers.PHALP][INFO] - Setting up DeepSort...
[2024-11-17 14:19:41,313][phalp.trackers.PHALP][INFO] - Saving tracks at : /home/daniel/development/csc2626/final-project/golfdb/data/poses//results/TIGER_WOODS_THqn7IjaiEY_1c3e5a96-37ee-4fe4-8df9-1c97cea2cf67
[2024-11-17 14:20:31,585][pytorch_lightning.utilities.migration.utils][INFO] - Lightning automatically upgraded your loaded checkpoint from v1.8.1 to v2.4.0. To apply the upgrade to your files permanently, run `python -m pytorch_lightning.utilities.upgrade_checkpoint ../../../../.cache/4DHumans/logs/train/multiruns/hmr2/0/checkpoints/epoch=35-step=1000000.ckpt`
[2024-11-17 14:20:35,203][phalp.trackers.PHALP][INFO] - Loading Predictor model...
[2024-11-17 14:20:35,359][phalp.trackers.PHALP][INFO] - Loading Detection model...
[2024-11-17 14:20:35,696][detectron2.checkpoint.detection_checkpoint][INFO] - [DetectionCheckpointer] Loading from https://dl.fbaipublicfiles.com/detectron2/new_baselines/mask_rcnn_regnety_4gf_dds_FPN_400ep_LSJ/42045954/model_final_ef3a80.pkl ...
[2024-11-17 14:20:36,605][detectron2.checkpoint.detection_checkpoint][INFO] - [DetectionCheckpointer] Loading from https://dl.fbaipublicfiles.com/detectron2/COCO-InstanceSegmentation/mask_rcnn_X_101_32x8d_FPN_3x/139653917/model_final_2d9806.pkl ...
[2024-11-17 14:20:36,798][phalp.trackers.PHALP][INFO] - Setting up Visualizer...
[2024-11-17 14:20:37,328][phalp.utils.io][INFO] - Number of frames: 216
[2024-11-17 14:20:37,441][phalp.trackers.PHALP][INFO] - Setting up DeepSort...
[2024-11-17 14:20:37,441][phalp.trackers.PHALP][INFO] - Saving tracks at : /home/daniel/development/csc2626/final-project/golfdb/data/poses//results/TIGER_WOODS_THqn7IjaiEY_d193cef8-a942-479a-a21f-d2e3ea17b083
[2024-11-17 14:22:37,949][pytorch_lightning.utilities.migration.utils][INFO] - Lightning automatically upgraded your loaded checkpoint from v1.8.1 to v2.4.0. To apply the upgrade to your files permanently, run `python -m pytorch_lightning.utilities.upgrade_checkpoint ../../../../.cache/4DHumans/logs/train/multiruns/hmr2/0/checkpoints/epoch=35-step=1000000.ckpt`
[2024-11-17 14:22:41,525][phalp.trackers.PHALP][INFO] - Loading Predictor model...
[2024-11-17 14:22:41,683][phalp.trackers.PHALP][INFO] - Loading Detection model...
[2024-11-17 14:22:42,039][detectron2.checkpoint.detection_checkpoint][INFO] - [DetectionCheckpointer] Loading from https://dl.fbaipublicfiles.com/detectron2/new_baselines/mask_rcnn_regnety_4gf_dds_FPN_400ep_LSJ/42045954/model_final_ef3a80.pkl ...
[2024-11-17 14:22:42,956][detectron2.checkpoint.detection_checkpoint][INFO] - [DetectionCheckpointer] Loading from https://dl.fbaipublicfiles.com/detectron2/COCO-InstanceSegmentation/mask_rcnn_X_101_32x8d_FPN_3x/139653917/model_final_2d9806.pkl ...
[2024-11-17 14:22:43,146][phalp.trackers.PHALP][INFO] - Setting up Visualizer...
[2024-11-17 14:22:43,684][phalp.utils.io][INFO] - Number of frames: 86
[2024-11-17 14:22:43,720][phalp.trackers.PHALP][INFO] - Setting up DeepSort...
[2024-11-17 14:22:43,721][phalp.trackers.PHALP][INFO] - Saving tracks at : /home/daniel/development/csc2626/final-project/golfdb/data/poses//results/TIGER_WOODS_o0t7xaTpUuY_3aa3e466-99eb-46e0-880e-f47492ac02fe
[2024-11-17 14:23:35,800][pytorch_lightning.utilities.migration.utils][INFO] - Lightning automatically upgraded your loaded checkpoint from v1.8.1 to v2.4.0. To apply the upgrade to your files permanently, run `python -m pytorch_lightning.utilities.upgrade_checkpoint ../../../../.cache/4DHumans/logs/train/multiruns/hmr2/0/checkpoints/epoch=35-step=1000000.ckpt`
[2024-11-17 14:23:39,342][phalp.trackers.PHALP][INFO] - Loading Predictor model...
[2024-11-17 14:23:39,497][phalp.trackers.PHALP][INFO] - Loading Detection model...
[2024-11-17 14:23:39,832][detectron2.checkpoint.detection_checkpoint][INFO] - [DetectionCheckpointer] Loading from https://dl.fbaipublicfiles.com/detectron2/new_baselines/mask_rcnn_regnety_4gf_dds_FPN_400ep_LSJ/42045954/model_final_ef3a80.pkl ...
[2024-11-17 14:23:40,731][detectron2.checkpoint.detection_checkpoint][INFO] - [DetectionCheckpointer] Loading from https://dl.fbaipublicfiles.com/detectron2/COCO-InstanceSegmentation/mask_rcnn_X_101_32x8d_FPN_3x/139653917/model_final_2d9806.pkl ...
[2024-11-17 14:23:40,923][phalp.trackers.PHALP][INFO] - Setting up Visualizer...
[2024-11-17 14:23:41,456][phalp.utils.io][INFO] - Number of frames: 238
[2024-11-17 14:23:41,537][phalp.trackers.PHALP][INFO] - Setting up DeepSort...
[2024-11-17 14:23:41,537][phalp.trackers.PHALP][INFO] - Saving tracks at : /home/daniel/development/csc2626/final-project/golfdb/data/poses//results/TIGER_WOODS_o0t7xaTpUuY_7eb9a6eb-72a7-423f-8dde-ff5a307a0f4e
